<?xml version="1.0" encoding="UTF-8" ?>
<testsuite errors="0" failures="0" hostname="WIN" name="com.lz.test.GoodsDaoTest" skipped="0" tests="5" time="9.922" timestamp="2019-12-09T15:57:53">
  <properties>
[...]
</properties>
  <testcase classname="com.lz.test.GoodsDaoTest" name="selectAll" time="9.536" />
  <testcase classname="com.lz.test.GoodsDaoTest" name="selectById" time="0.063" />
  <testcase classname="com.lz.test.GoodsDaoTest" name="delete" time="0.056" />
  <testcase classname="com.lz.test.GoodsDaoTest" name="insert" time="0.071" />
  <testcase classname="com.lz.test.GoodsDaoTest" name="update" time="0.078" />
  <system-out><![CDATA[Goods [gid=5853054, zpicture=http://p4.music.126.net/9jgrcenDqPX9lynGfa_6_g==/109951163676941964.jpg, gpicture=http://p4.music.126.net/9jgrcenDqPX9lynGfa_6_g==/109951163676941964.jpg,http://p4.music.126.net/Lr29qHLY8uT_osk0MVyTDA==/109951163676948181.jpg,http://p3.music.126.net/LlVxhfJMHGew_RMV2ke1jA==/109951163676951050.jpg,http://p3.music.126.net/AyikFCSE5Yd-3Zve_vnRsg==/109951163676950094.jpg,http://p4.music.126.net/f8iiXiZwT_tEgs1emw1V-w==/109951163676942465.jpg, gname=网易云音乐车载蓝牙播放器, gintroduce=点烟器；一拖二USB车充；汽车车载mp3；手机充电器；FM发射器；智能车充, gcolorid=null, category1=101000, category2=1006000, gbrand=网易云音乐, gprice=119.0, ggrade=null, gcount=336, gmaterial=null, hot=14]
Goods [gid=5972054, zpicture=http://p4.music.126.net/rOujkIdUEcnZBjlHSApDZA==/109951163677004677.jpg, gpicture=http://p4.music.126.net/rOujkIdUEcnZBjlHSApDZA==/109951163677004677.jpg,http://p4.music.126.net/BuHAd5zGen-Po2cQw_WaFQ==/109951163676998493.jpg,http://p3.music.126.net/UnPMYlNiQAMDNyZ813CI0g==/109951163676999414.jpg,http://p4.music.126.net/yH7R9PrX7svfKD3hi2KZmQ==/109951163677005648.jpg,http://p3.music.126.net/s4rD1gjJTmIzzPNquhqLbA==/109951163677004198.jpg, gname=网易云音乐车充, gintroduce=, gcolorid=null, category1=101000, category2=1007000, gbrand=网易云音乐, gprice=39.0, ggrade=null, gcount=538, gmaterial=null, hot=54]
Goods [gid=6446052, zpicture=http://p3.music.126.net/_LEmpffZFUa0kZKNGvfGzw==/18999560928280540.jpg, gpicture=http://p3.music.126.net/_LEmpffZFUa0kZKNGvfGzw==/18999560928280540.jpg,http://p4.music.126.net/0kztm9_BZJS_VSa9H84jBQ==/18558656767255217.jpg,http://p3.music.126.net/d35YQzlaxS8pYTbLUCLqdA==/109951162965538024.jpg,http://p4.music.126.net/gKs2ADl_cD-lmFuCo8UlQA==/109951162965536557.jpg, gname=漫步者（EDIFIER）B7 家庭客厅电视音响 无线蓝牙家庭影院 配备无线低音炮 , gintroduce=高规格声学配置；8吋无线低音炮；延迟更短音效更佳；多种输入接口和蓝牙4.0模组；三种声效模式, gcolorid=null, category1=101000, category2=1009006, gbrand=漫步者（EDIFIER）, gprice=1499.0, ggrade=null, gcount=28, gmaterial=null, hot=7]
Goods [gid=6447052, zpicture=http://p4.music.126.net/F_JBPcu_IgfcruzjrOkEuQ==/18527870441687787.jpg, gpicture=http://p4.music.126.net/F_JBPcu_IgfcruzjrOkEuQ==/18527870441687787.jpg,http://p3.music.126.net/vjoQ5-zVtZQF_Umk1TPKKQ==/19020451649211484.jpg,http://p3.music.126.net/ppvklqWVML2i2mnrFuAh0A==/109951162965523753.jpg, gname=漫步者（EDIFIER）B3 SOUNDBAR系统 家庭客厅电视音响系统, gintroduce=一体式电视音响；DSP数字音频处理技术，听感出众；简约外观设计；支持光纤、同轴等多路输入, gcolorid=null, category1=101000, category2=1009006, gbrand=漫步者（EDIFIER）, gprice=799.0, ggrade=null, gcount=27, gmaterial=null, hot=10]
Goods [gid=6450051, zpicture=http://p3.music.126.net/hSpz1M1lwZ63cYSIQW2EWw==/109951164208456438.jpg, gpicture=http://p3.music.126.net/hSpz1M1lwZ63cYSIQW2EWw==/109951164208456438.jpg,http://p4.music.126.net/5HAp8F5UNBnL70moonfVUg==/109951164208458893.jpg,http://p3.music.126.net/K3gNGOpEsKY0gOwn6c_FpA==/109951164208467531.jpg,http://p4.music.126.net/xJ9pUxLGrPBTVfb1Gn1w9Q==/109951164208462257.jpg,http://p4.music.126.net/Ec53LoVs0dWGT_4ZqHl5tA==/109951164208468528.jpg,http://p3.music.126.net/FEEfjGLQCbYAaH0-UxaO3w==/109951164208458965.jpg,http://p4.music.126.net/ACWTGydpb9qk1ttIl8fJ0A==/109951164208464750.jpg,http://p3.music.126.net/jqlUAqNdCmcmvig3xo6MBQ==/109951164208465710.jpg, gname=Beats Powerbeats3 Wireless 运动无线蓝牙线控带麦入耳式耳机, gintroduce=戴上它去锻炼；充电5分钟，播放1小时；抗汗防水溅设计；轻松接听电话和控制音乐, gcolorid=null, category1=101000, category2=1005000, gbrand=Beats, gprice=1437.0, ggrade=null, gcount=101, gmaterial=null, hot=4]
Goods [gid=6451051, zpicture=http://p4.music.126.net/uIbOQcPGEl4PgWjvt_gHUw==/18598239185799374.jpg, gpicture=http://p4.music.126.net/uIbOQcPGEl4PgWjvt_gHUw==/18598239185799374.jpg,http://p4.music.126.net/vp1x0hmpMrIAoMjjkyGMjw==/19054536509597040.jpg,http://p3.music.126.net/t_7OpIt09E71BK6aib69Xg==/18765364953234977.jpg,http://p3.music.126.net/GXeuOUnTpYdOpyDovkaVGw==/18870918067759012.jpg,http://p3.music.126.net/jY61DsmhTARZBo68EgLQuQ==/18725782534635717.jpg,http://p3.music.126.net/vyvv11eUSfBGUPWVjgTt_Q==/19000660439829730.jpg,http://p4.music.126.net/WC_23HsO8ZEX2It0aZLGqw==/19084223323866233.jpg,http://p4.music.126.net/AnwIsuM1DIlPANctQIf84A==/18754369837168336.jpg, gname=Beats Pill+ 便携式无线蓝牙胶囊音箱 重低音, gintroduce=轻便设计；音质饱满；畅享无线；续航可达12小时；内置麦克风；可为其他设备充电, gcolorid=null, category1=101000, category2=1009006, gbrand=Beats, gprice=1533.0, ggrade=null, gcount=21, gmaterial=null, hot=4]
Goods [gid=6453052, zpicture=http://p4.music.126.net/e6AUCVDrhm-2Kdb87s5FmA==/109951164432055726.jpg, gpicture=http://p4.music.126.net/e6AUCVDrhm-2Kdb87s5FmA==/109951164432055726.jpg,http://p4.music.126.net/odrJBHzWPrTCQa-E_ryxNw==/109951164432062011.jpg,http://p3.music.126.net/-sQPw5PC0qldbErcj_hl0A==/109951164432061092.jpg,http://p3.music.126.net/lr6Jxb7HUTlkGWeGavx5Nw==/109951164432049487.jpg,http://p4.music.126.net/FD5BXup53P8IHucNqSoRIA==/109951164432062508.jpg,http://p4.music.126.net/Z_x_Gjjy-hg4kCtBfL9uVg==/109951164432052859.jpg,http://p4.music.126.net/yyGuaPxo-eZQs7krHS46DA==/109951164432053836.jpg,http://p3.music.126.net/1PvBTvaR2Ypcagenc3zVFQ==/109951164432060128.jpg, gname=Beats Solo3 Wireless 无线蓝牙头戴式耳机 带麦可通话 内置Apple W1 芯片, gintroduce=Class 1 蓝牙技术，无线聆听更自由；充电5分钟，播放3小时；浑然一体的流线型设计, gcolorid=null, category1=101000, category2=1005000, gbrand=Beats, gprice=2209.0, ggrade=null, gcount=149, gmaterial=null, hot=3]
Goods [gid=6453053, zpicture=http://p4.music.126.net/ejECowAfp--X_zV-hWsSDQ==/109951164459382843.jpg, gpicture=http://p4.music.126.net/ejECowAfp--X_zV-hWsSDQ==/109951164459382843.jpg,http://p3.music.126.net/T5X8SUFN1XzoCoyHcIvqIQ==/109951164459383306.jpg,http://p4.music.126.net/c4e8StoQMItpM0dyhvtTLw==/109951164459383830.jpg,http://p3.music.126.net/2hgS71DAOxSafUo9YNNcpA==/109951164459389622.jpg,http://p4.music.126.net/zbPomZICm5Vuo1cEMEucfw==/109951164459381955.jpg,http://p4.music.126.net/Q6YQFdnNepr5JUUNUReVqw==/109951164459381961.jpg,http://p4.music.126.net/Qkiq8OhQ3Ak4G1RPftw-aw==/109951164459394520.jpg,http://p4.music.126.net/djkg4oOIJvdvnFeAjNjC9Q==/109951164459391109.jpg, gname=Beats X 颈挂式无线蓝牙手机音乐入耳耳机 带麦可通话耳塞, gintroduce=内置高效 Apple W1 芯片；充电快速，续航时间长；继承Beats优秀音质；佩戴收纳都便捷, gcolorid=null, category1=101000, category2=1005000, gbrand=Beats, gprice=799.0, ggrade=null, gcount=103, gmaterial=null, hot=2]
Goods [gid=6479064, zpicture=http://p3.music.126.net/bD8apHVXxEFtW0FkT2sXhA==/109951164238225398.jpg, gpicture=http://p3.music.126.net/bD8apHVXxEFtW0FkT2sXhA==/109951164238225398.jpg,http://p3.music.126.net/gJqAurI8fFZVnbJmYois7w==/109951164238227342.jpg,http://p4.music.126.net/sDVVNwOhnPWiYBuFXy4QnA==/109951164238225938.jpg,http://p3.music.126.net/IVpailCFAMlw6W791TIzUw==/109951164238227355.jpg,http://p4.music.126.net/TBZQ0s705_AamRuXd-1KJQ==/109951164238235089.jpg,http://p4.music.126.net/5kMLbPunCNOi4TJrd3jjwQ==/109951164238229327.jpg,http://p3.music.126.net/Ot3Z3vyOiRa_118eaaju-A==/109951164238229333.jpg,http://p3.music.126.net/DQzzHyRmtUJgN9eSoQhYfw==/109951164238239508.jpg, gname=漫步者（EDIFIER）W800BT 立体声头戴式蓝牙耳机, gintroduce=经典时尚造型；升级高通5.0蓝牙芯片；支持App功能；50h长续航；CVC8.0语音降噪；耳罩柔软度升级, gcolorid=null, category1=101000, category2=1005000, gbrand=漫步者（EDIFIER）, gprice=199.0, ggrade=null, gcount=235, gmaterial=null, hot=1]
Goods [gid=6480086, zpicture=http://p4.music.126.net/qcM8GubchIotGf9Al8aSFQ==/109951163399915795.jpg, gpicture=http://p4.music.126.net/qcM8GubchIotGf9Al8aSFQ==/109951163399915795.jpg,http://p4.music.126.net/JUIJz_DLbQYiYY-BKuR6hg==/109951163399913902.jpg,http://p4.music.126.net/w4DPgoB0-65Spo2l99L7Cg==/109951162971882517.jpg,http://p4.music.126.net/Qk3NOdPIXnptumZhcxV-Zg==/109951162971878343.jpg,http://p3.music.126.net/cyk_E4rt7GiNNlz_z4grXw==/109951163399918175.jpg,http://p3.music.126.net/_62iEaGsZc-EU1Zda7JJSA==/109951163399919656.jpg, gname=漫步者（EDIFIER）H180P 立体声耳机 线控带麦手机耳塞, gintroduce=设计精致，佩戴舒适；经典配色，音质出众；通话质量优异，兼容性出色, gcolorid=null, category1=101000, category2=1005000, gbrand=漫步者（EDIFIER）, gprice=49.0, ggrade=null, gcount=163, gmaterial=null, hot=11]
Goods [gid=6480089, zpicture=http://p4.music.126.net/vG5_mrp3gHXALmncewp1-A==/19242552998024146.jpg, gpicture=http://p4.music.126.net/vG5_mrp3gHXALmncewp1-A==/19242552998024146.jpg,http://p4.music.126.net/jb4ao1Gd2VAAxL_88j552Q==/18616930883538654.jpg, gname=漫步者（EDIFIER）K815P 多媒体全功能头戴式耳机, gintroduce=声场强大，解析出色；造型时尚，工艺考究；黑白配色，经典再现, gcolorid=null, category1=101000, category2=1005000, gbrand=漫步者（EDIFIER）, gprice=149.0, ggrade=null, gcount=69, gmaterial=null, hot=3]
Goods [gid=6480091, zpicture=http://p3.music.126.net/gJHGyQs3q_Zzpl2io1nz9w==/18802748348631585.jpg, gpicture=http://p3.music.126.net/gJHGyQs3q_Zzpl2io1nz9w==/18802748348631585.jpg,http://p4.music.126.net/2UfgXTOQPyLPBk7wnToJTQ==/109951162972779550.jpg,http://p3.music.126.net/Hg3Cu8g7kuoyIFXmKbr-qA==/109951162972774233.jpg, gname=漫步者（EDIFIER）M101 漫威美队版 便携插卡蓝牙音箱, gintroduce=坚固精巧共存；皮腔式悬挂支撑技术；蓝牙4.1；持久续航，三防功能, gcolorid=null, category1=101000, category2=1009006, gbrand=漫步者（EDIFIER）, gprice=499.0, ggrade=null, gcount=8, gmaterial=null, hot=0]
Goods [gid=6480095, zpicture=http://p3.music.126.net/M-0GAV287cRdIJE2y6B_1w==/18910500486436206.jpg, gpicture=http://p3.music.126.net/M-0GAV287cRdIJE2y6B_1w==/18910500486436206.jpg,http://p4.music.126.net/hpQMXp4X_A0qeRbPKncw6g==/18516875325402835.jpg,http://p3.music.126.net/CqLVqKi_qSU0ri9zghneyw==/18527870441687809.jpg, gname=漫步者（EDIFIER）K550 高音质头戴式立体声语音通话耳麦, gintroduce=简洁精致；轻量化设计，佩戴舒适；解析力出色；拾音准确，语音通话品质优秀, gcolorid=null, category1=101000, category2=1005000, gbrand=漫步者（EDIFIER）, gprice=59.0, ggrade=null, gcount=59, gmaterial=null, hot=0]
Goods [gid=6480096, zpicture=http://p4.music.126.net/zlgcHvCXbRBy52pSlUY_sQ==/18616930883538633.jpg, gpicture=http://p4.music.126.net/zlgcHvCXbRBy52pSlUY_sQ==/18616930883538633.jpg,http://p4.music.126.net/_WclYkwCz2JKi-Z-xWjBdw==/109951162973070155.jpg,http://p4.music.126.net/PCPQEKXmRq_czdng7UE6FQ==/109951162973072567.jpg,http://p3.music.126.net/ujwpUo3h3wgiQ9G4exYqxA==/109951162973066350.jpg, gname=漫步者（EDIFIER）E255 高端家庭客厅电视多媒体音响系统 重低音蓝牙音箱, gintroduce=钢琴烤漆表面；高品质单元与低频辐射器相辅；无线后置、多路输入、自动待机, gcolorid=null, category1=101000, category2=1009006, gbrand=漫步者（EDIFIER）, gprice=3999.0, ggrade=null, gcount=19, gmaterial=null, hot=0]
Goods [gid=6480104, zpicture=http://p4.music.126.net/25HLGaPvPvUxWAkkcZHPsQ==/19124905253840516.jpg, gpicture=http://p4.music.126.net/25HLGaPvPvUxWAkkcZHPsQ==/19124905253840516.jpg,http://p3.music.126.net/t-n9jExVcVIfcozzL83X_g==/19163388160822475.jpg, gname=漫步者（EDIFIER）K830 立体声通讯语音 头戴式耳机, gintroduce=造型设计时尚酷炫；声学性能优异，听感出众；高灵敏度麦克风，拾音准确, gcolorid=null, category1=101000, category2=1005000, gbrand=漫步者（EDIFIER）, gprice=149.0, ggrade=null, gcount=35, gmaterial=null, hot=4]
Goods [gid=6480108, zpicture=http://p4.music.126.net/Uv4ZYqGe6h5Q5Mk2dWiNJg==/19142497439895723.jpg, gpicture=http://p4.music.126.net/Uv4ZYqGe6h5Q5Mk2dWiNJg==/19142497439895723.jpg,http://p3.music.126.net/BiGmviDxgWXnajbizl8ZVw==/109951162973286480.jpg,http://p4.music.126.net/xyxVAwexfhD0VAVYq2-VyA==/109951162973286481.jpg,http://p3.music.126.net/DI0kVBTupMq0pE8vKzJ-Og==/109951162973290224.jpg, gname=漫步者（EDIFIER）C2XB 无线蓝牙多媒体电脑音箱 插卡U盘播放, gintroduce=多方式连接播放，精致百搭；外置功放；蓝牙4.0, gcolorid=null, category1=101000, category2=1009006, gbrand=漫步者（EDIFIER）, gprice=699.0, ggrade=null, gcount=24, gmaterial=null, hot=0]
Goods [gid=6480111, zpicture=http://p4.music.126.net/E2Ti-xvwDa35Ec6oYUzF1Q==/18771962023049309.jpg, gpicture=http://p4.music.126.net/E2Ti-xvwDa35Ec6oYUzF1Q==/18771962023049309.jpg,http://p3.music.126.net/IOqiD-YrvzovAIEw1XPylA==/109951162973332584.jpg,http://p3.music.126.net/CsvF48zXRQ7aP0PjH1ojAA==/109951162973327322.jpg, gname=漫步者（EDIFIER）C2X 多媒体有源多媒体电脑音箱 重低音声场, gintroduce=6.5英寸低音扬声器，低频澎湃；E.L.D.C智能失真度控制系统，音质保障, gcolorid=null, category1=101000, category2=1009006, gbrand=漫步者（EDIFIER）, gprice=599.0, ggrade=null, gcount=20, gmaterial=null, hot=0]
Goods [gid=6480114, zpicture=http://p4.music.126.net/gkaBxlB8aMRMuRAo5R1R2A==/18985267277127694.jpg, gpicture=http://p4.music.126.net/gkaBxlB8aMRMuRAo5R1R2A==/18985267277127694.jpg,http://p3.music.126.net/TU6ROelxS30lK7rPWWlb3A==/109951162973777345.jpg,http://p3.music.126.net/eZE1EkipwT9TJGbP65KKDw==/109951162973785540.jpg,http://p4.music.126.net/nEP_1DgbKWBY_NFWKWa-Wg==/109951162973776964.jpg, gname=漫步者（EDIFIER）C3 2.1声道 8英寸独立功放 木质重低音多媒体电脑音箱 , gintroduce=低频效果强悍澎湃；丝绢振膜高音及3.5英寸中音单元；独立功放设计，操控简便，电路性能优异, gcolorid=null, category1=101000, category2=1009006, gbrand=漫步者（EDIFIER）, gprice=899.0, ggrade=null, gcount=20, gmaterial=null, hot=6]
Goods [gid=6483073, zpicture=http://p4.music.126.net/6eqXcOi_viOzHizV8wrtDw==/109951162969135898.jpg, gpicture=http://p4.music.126.net/6eqXcOi_viOzHizV8wrtDw==/109951162969135898.jpg,http://p4.music.126.net/P6tUBbjlXBQZ_jzm5n1MFw==/109951162969144565.jpg,http://p3.music.126.net/JO7S7vpaMZMuyhVntKbTQQ==/109951162969141214.jpg,http://p4.music.126.net/om5a_yaNINSMSA99I_bz_A==/109951162969136391.jpg,http://p3.music.126.net/qDFBqhmg01Q-5nbbXrlx9A==/109951162969140269.jpg, gname=漫步者（EDIFIER）W855BT 立体声头戴式蓝牙耳机, gintroduce=黑咖配色，蛋白皮耳罩;；确保高品质听觉需求；蓝牙模式、有线模式兼得，支持NFC功能，操作便捷, gcolorid=null, category1=101000, category2=1005000, gbrand=漫步者（EDIFIER）, gprice=599.0, ggrade=null, gcount=8, gmaterial=null, hot=12]
Goods [gid=6487060, zpicture=http://p3.music.126.net/gHi5XY8qiHAneIpxF3TJlg==/18527870441687791.jpg, gpicture=http://p3.music.126.net/gHi5XY8qiHAneIpxF3TJlg==/18527870441687791.jpg,http://p4.music.126.net/KU_99DpXYZBj2fEMXjY3mQ==/18999560928280543.jpg,http://p4.music.126.net/AMKdQmQN2CE1ZuoOcNRPSQ==/109951162972549725.jpg,http://p3.music.126.net/m2zfA1_AGDeUFiokBLfLNQ==/109951162972547389.jpg,http://p3.music.126.net/I9OLxAu4Lc59p_7lKFWIPg==/109951162972551273.jpg,http://p3.music.126.net/7DmjZXmNIm0KOwg3xI1oDQ==/109951162972544933.jpg, gname=漫步者（EDIFIER）H841P 高性能立体声头戴式线控手机耳机, gintroduce=佩戴舒适；音质出众’, gcolorid=null, category1=101000, category2=1005000, gbrand=漫步者（EDIFIER）, gprice=179.0, ggrade=null, gcount=24, gmaterial=null, hot=0]
Goods [gid=6487061, zpicture=http://p3.music.126.net/haSiDHjwaryZJyK8SCBF7w==/18607035278848181.jpg, gpicture=http://p3.music.126.net/haSiDHjwaryZJyK8SCBF7w==/18607035278848181.jpg,http://p4.music.126.net/pWZZR1ihpY8BXx0g1a91Vw==/18999560928280560.jpg,http://p3.music.126.net/LG26ZK0zo2wuP1iMr6uXgg==/109951162972555762.jpg,http://p3.music.126.net/7_qNR7sPYTQYm0ZXwRHBJQ==/109951162972552837.jpg, gname=漫步者（EDIFIER）M19便携多媒体FM插卡音箱, gintroduce=适合送给父母的老年人；声音洪亮清晰；操作简单直观；支持SD卡读取及FM收音机功能, gcolorid=null, category1=101000, category2=1009006, gbrand=漫步者（EDIFIER）, gprice=199.0, ggrade=null, gcount=62, gmaterial=null, hot=1]
Goods [gid=6487065, zpicture=http://p3.music.126.net/AiYQlBZuqzcZndj7h-w95w==/18558656767255221.jpg, gpicture=http://p3.music.126.net/AiYQlBZuqzcZndj7h-w95w==/18558656767255221.jpg,http://p3.music.126.net/CQglJOYe31tZXQT2fPOxoA==/109951162973064535.jpg, gname=漫步者（EDIFIER）H850 高性能立体声头戴式耳机 重低音包耳式, gintroduce=HIFI级音质表现；高规格硬件配置，大师倾心调校；人体工学设计，佩戴舒适, gcolorid=null, category1=101000, category2=1005000, gbrand=漫步者（EDIFIER）, gprice=249.0, ggrade=null, gcount=18, gmaterial=null, hot=29]
Goods [gid=6487068, zpicture=http://p4.music.126.net/zwf-yna2WBnu0NYZMPWN1g==/18598239185853301.jpg, gpicture=http://p4.music.126.net/zwf-yna2WBnu0NYZMPWN1g==/18598239185853301.jpg,http://p4.music.126.net/ZJdlOtYfJ0Wa0wSLvjGoAQ==/19149094509674668.jpg,http://p3.music.126.net/V3UmGmOjrIxF02bHCsOl9A==/18802748348631588.jpg,http://p3.music.126.net/yocnIkOJNdws69stBh2hcg==/19140298416650320.jpg, gname=漫步者（EDIFIER）R1600TIII 2.0声道 多媒体电脑书架音箱, gintroduce=入门级2.0书架箱诚意之作；外观精美大气；电子分频，音质强劲；独立遥控器，操控便捷, gcolorid=null, category1=101000, category2=1009006, gbrand=漫步者（EDIFIER）, gprice=439.0, ggrade=null, gcount=19, gmaterial=null, hot=7]
Goods [gid=6488060, zpicture=http://p4.music.126.net/K-RvnmWKZvPfMjUnpQ4OiQ==/18498183627738285.jpg, gpicture=http://p4.music.126.net/K-RvnmWKZvPfMjUnpQ4OiQ==/18498183627738285.jpg,http://p4.music.126.net/sMOXZOlL5fVeZ5FYzmgtyQ==/19140298416650318.jpg,http://p4.music.126.net/VB3AqKIq8jUWXI-8y4iKuQ==/18802748348631586.jpg,http://p4.music.126.net/AluKjypf5f6uQsdMMaXE0Q==/109951162972547127.jpg,http://p4.music.126.net/i82FehrcnREHrCYXIWsmSA==/109951162972541492.jpg, gname=漫步者（EDIFIER）R12U 入门级微型2.0笔记本桌面音响音箱, gintroduce=入门级桌面2.0优选；2.25吋全频带扬声器；体型小巧，精致可爱，工艺精良, gcolorid=null, category1=101000, category2=1009006, gbrand=漫步者（EDIFIER）, gprice=89.0, ggrade=null, gcount=66, gmaterial=null, hot=0]
Goods [gid=6488067, zpicture=http://p4.music.126.net/2XDo0e0S1jzgvhMwPE3Chg==/19163388160822476.jpg, gpicture=http://p4.music.126.net/2XDo0e0S1jzgvhMwPE3Chg==/19163388160822476.jpg,http://p3.music.126.net/QeDwvr1r3eTI6D-ix2zuNg==/18924794137594836.jpg,http://p4.music.126.net/3QgP8aVQtULl6pntEQGZkA==/109951162973072712.jpg, gname=漫步者（EDIFIER）R26T 2.0声道 桌面柱形多媒体笔记本音箱, gintroduce=造型优雅挺拔；音质淳美，听感出色；内侧音量调节和待机设置，操控方便, gcolorid=null, category1=101000, category2=1009006, gbrand=漫步者（EDIFIER）, gprice=229.0, ggrade=null, gcount=41, gmaterial=null, hot=3]
Goods [gid=6488069, zpicture=http://p3.music.126.net/_W_0a0rqKVe8AGqlhcXbGg==/18616930883538636.jpg, gpicture=http://p3.music.126.net/_W_0a0rqKVe8AGqlhcXbGg==/18616930883538636.jpg,http://p4.music.126.net/mqyR7eunfME8anFQbXNZzQ==/109951162973077385.jpg,http://p3.music.126.net/8lwXQrXsWhxZ2Sa_fcldqA==/109951162973087019.jpg,http://p4.music.126.net/xA4SOHrC1YsEIJEJ0Qj4LA==/109951162973087022.jpg,http://p3.music.126.net/dKZT9Q7LiFlNNj5PjNrLkQ==/109951162973083182.jpg,http://p3.music.126.net/fiWzkBQum_Y5Wumxj0Oo_g==/109951162973086542.jpg, gname=漫步者（EDIFIER）H880 旗舰头戴式立体声耳机, gintroduce=40MM单元，提供更大动态与更高解析；舒适触感；双线替换，让您随意匹配, gcolorid=null, category1=101000, category2=1005000, gbrand=漫步者（EDIFIER）, gprice=999.0, ggrade=null, gcount=15, gmaterial=null, hot=1]
Goods [gid=6488073, zpicture=http://p3.music.126.net/pcEJGVZUhUKmpGTN271EHA==/18646617697527245.jpg, gpicture=http://p3.music.126.net/pcEJGVZUhUKmpGTN271EHA==/18646617697527245.jpg,http://p3.music.126.net/owHwT983dQq1qA9xNDYfkg==/18498183627738287.jpg,http://p4.music.126.net/k_T1F8BtUHJ7t528IXcxqA==/19054536509683440.jpg,http://p4.music.126.net/nBZMDw82Ny03oTI4mq9u6A==/18830236139322987.jpg, gname=漫步者（EDIFIER）R1700BT 无线蓝牙多媒体音箱 重低音, gintroduce=梯形结构设计，端庄典雅的HIFI风范；蓝牙4.0；高规格声学硬件，功率强劲, gcolorid=null, category1=101000, category2=1009006, gbrand=漫步者（EDIFIER）, gprice=529.0, ggrade=null, gcount=12, gmaterial=null, hot=2]
Goods [gid=6489057, zpicture=http://p3.music.126.net/qbyLOYFXXFEoPV-8ZSYjlw==/18607035278848161.jpg, gpicture=http://p3.music.126.net/qbyLOYFXXFEoPV-8ZSYjlw==/18607035278848161.jpg,http://p3.music.126.net/r2D4UJ6CUCvbpnbUAP2pvA==/19020451649211486.jpg,http://p3.music.126.net/cqNnoDt6ygYaSWK5mSPXRw==/18910500486436187.jpg,http://p4.music.126.net/oHCAM3ozt9tQXmZ6w2I86A==/18999560928280542.jpg, gname=漫步者（EDIFIER）H210P 入耳式耳机 手机通用 线控带麦, gintroduce=色彩清丽可人；高规格声学单元，音纯质真；高灵敏度麦克风，通话质量优秀, gcolorid=null, category1=101000, category2=1005000, gbrand=漫步者（EDIFIER）, gprice=59.0, ggrade=null, gcount=161, gmaterial=null, hot=0]
Goods [gid=6489065, zpicture=http://p4.music.126.net/KU-v6mSTSRQvLBg3qUK1mA==/109951163940993345.jpg, gpicture=http://p4.music.126.net/KU-v6mSTSRQvLBg3qUK1mA==/109951163940993345.jpg,http://p4.music.126.net/AfZO-qXY-e_ywxe8YlQrww==/109951163940999671.jpg,http://p3.music.126.net/o0Mu0ZnpDLkE1KcRH146PA==/109951163940994817.jpg,http://p3.music.126.net/QQGWvS61IMwk41GrgeOTQg==/109951163941003516.jpg,http://p3.music.126.net/IQBBEhr9JzP598TrxEqKyA==/109951163940991462.jpg,http://p3.music.126.net/LFjYOfH_UW6vQ2XwW5No_Q==/109951163941000156.jpg,http://p4.music.126.net/gYoLvyRo-OhrplvIdu_ysw==/109951163940992445.jpg, gname=漫步者（EDIFIER）M100 迷你便携蓝牙音箱户外音箱插卡音响, gintroduce=低频量感惊人；4.0蓝牙、TF播放、电话接听、IP54级防水、功能一应尽有, gcolorid=null, category1=101000, category2=1009006, gbrand=漫步者（EDIFIER）, gprice=199.0, ggrade=null, gcount=42, gmaterial=null, hot=1]
Goods [gid=6489067, zpicture=http://p4.music.126.net/08CZtCqN25nNngX-K-U-tg==/18771962023049330.jpg, gpicture=http://p4.music.126.net/08CZtCqN25nNngX-K-U-tg==/18771962023049330.jpg,http://p4.music.126.net/pLo-BVuNkG2IhpI9ecicOw==/18910500486436208.jpg,http://p4.music.126.net/CeYmr0ZmACGY1d0whfxFWA==/109951162973031631.jpg, gname=漫步者（EDIFIER）S50 2.0声道家庭电视影院音响 无线蓝牙回音壁 SOUNDBAR, gintroduce=全木质高保真电视音响；专业DSP电子分频；两路四通道数字功效带来强尽动力, gcolorid=null, category1=101000, category2=1009006, gbrand=漫步者（EDIFIER）, gprice=1298.0, ggrade=null, gcount=33, gmaterial=null, hot=3]
Goods [gid=6489076, zpicture=http://p3.music.126.net/OJdcSM2OT6MKd_oHDE6heA==/18646617697527243.jpg, gpicture=http://p3.music.126.net/OJdcSM2OT6MKd_oHDE6heA==/18646617697527243.jpg,http://p4.music.126.net/J8xHBkZhaSsF0y39GFJV1A==/109951162973083764.jpg,http://p3.music.126.net/JklpsZnpATmeJAaRNJoycg==/109951162973089511.jpg, gname=漫步者（EDIFIER）R19U 微型桌面笔记本电脑便携小音箱, gintroduce=微型2.0笔记本电脑音箱；USB连接供电及信号输入；小仰角设计，更适宜近场聆听, gcolorid=null, category1=101000, category2=1009006, gbrand=漫步者（EDIFIER）, gprice=139.0, ggrade=null, gcount=19, gmaterial=null, hot=0]
Goods [gid=6489084, zpicture=http://p4.music.126.net/Wbnzh5HV-i6F9TPZWiyR9w==/18741175697489672.jpg, gpicture=http://p4.music.126.net/Wbnzh5HV-i6F9TPZWiyR9w==/18741175697489672.jpg,http://p3.music.126.net/8Th2Mz1cnGtvgtMVv5j8WQ==/109951162973332509.jpg,http://p4.music.126.net/efVZ__RxAtqqN0LktK61Rg==/109951162973322455.jpg, gname=漫步者（EDIFIER）R201T06 2.1声道 多媒体音箱, gintroduce=5英寸低音单元，木质箱体，低频强劲有力；调节按钮侧置，操控简便, gcolorid=null, category1=101000, category2=1009006, gbrand=漫步者（EDIFIER）, gprice=199.0, ggrade=null, gcount=16, gmaterial=null, hot=0]
Goods [gid=6490053, zpicture=http://p4.music.126.net/WHNe_tZw5ERD4RyaMi0hng==/19027048719243386.jpg, gpicture=http://p4.music.126.net/WHNe_tZw5ERD4RyaMi0hng==/19027048719243386.jpg,http://p3.music.126.net/KRAI7vzCi7djqKOQ66MpSA==/19161189137833459.jpg,http://p4.music.126.net/XliNIfx4aS65cOE0srhs9w==/18509178744180690.jpg,http://p3.music.126.net/JLS37VeIm9my5BykEJWMdQ==/18741175697653729.jpg,http://p4.music.126.net/p3eFp7NGxOfC5rRm4ugb0g==/18928092672749446.jpg,http://p4.music.126.net/xHYDiLXmodBjy-PgHjPqjg==/18760966906945045.jpg, gname=漫步者（EDIFIER）H270P 高保真入耳式手机耳机 带麦克风, gintroduce=高保真立体声；轻量化舒适佩戴；线材扎实耐用；一键接听电话, gcolorid=null, category1=101000, category2=1005000, gbrand=漫步者（EDIFIER）, gprice=99.0, ggrade=null, gcount=28, gmaterial=null, hot=0]
Goods [gid=6490063, zpicture=http://p3.music.126.net/VcpxrexiJtgRs7wXFnnhng==/18808245906764068.jpg, gpicture=http://p3.music.126.net/VcpxrexiJtgRs7wXFnnhng==/18808245906764068.jpg,http://p3.music.126.net/LVgjEi73BUJhCNRymWiFcA==/109951162972546580.jpg,http://p4.music.126.net/88TYuGv_ziMjNjOWITEgzA==/109951162972543710.jpg, gname=漫步者（EDIFIER）M16 便携式多媒体有源音箱, gintroduce=揽获IF、红点、CES三项国际设计大奖；小体积好音质；内置USB声卡，克服笔记本音源瓶颈, gcolorid=null, category1=101000, category2=1009006, gbrand=漫步者（EDIFIER）, gprice=219.0, ggrade=null, gcount=12, gmaterial=null, hot=0]
Goods [gid=6490064, zpicture=http://p3.music.126.net/kTfzNCwAYHFFQlyyGlun6w==/19140298416650317.jpg, gpicture=http://p3.music.126.net/kTfzNCwAYHFFQlyyGlun6w==/19140298416650317.jpg,http://p3.music.126.net/rt77T_q-9cmrOd2u-d52XA==/18646617697527242.jpg,http://p4.music.126.net/rlSsaejhiomWB6yfaJ7DHw==/18536666534716343.jpg,http://p4.music.126.net/I_WoWulap2wMsfUEF3noXw==/3313928054094525.jpg, gname=漫步者（EDIFIER）BUN 无线蓝牙便携迷你音箱, gintroduce=糖果配色，硅胶亲肤材质；声音越级的实力派；蓝牙4.1；支持内存卡、USB声卡，多样赏乐, gcolorid=null, category1=101000, category2=1009006, gbrand=漫步者（EDIFIER）, gprice=299.0, ggrade=null, gcount=52, gmaterial=null, hot=2]
Goods [gid=6490074, zpicture=http://p3.music.126.net/U_vfEvamJFJ_fqKoxmUxRg==/18829136627695351.jpg, gpicture=http://p3.music.126.net/U_vfEvamJFJ_fqKoxmUxRg==/18829136627695351.jpg,http://p3.music.126.net/9xlTGDSXXBx0y76Amiuxbg==/19193074974784108.jpg,http://p4.music.126.net/u1ihUuA39SdlD5WHONB-cA==/18741175697489673.jpg,http://p4.music.126.net/GBgM96B-k7IRMdpy_SBSuw==/18731280092831387.jpg, gname=漫步者（EDIFIER）R1200TII 2.0声道 多媒体电脑桌面音箱, gintroduce=全木质箱体，造型端庄典雅；音质纯正，圆润通透，细腻柔和；细节考究, gcolorid=null, category1=101000, category2=1009006, gbrand=漫步者（EDIFIER）, gprice=349.0, ggrade=null, gcount=16, gmaterial=null, hot=0]
Goods [gid=6490083, zpicture=http://p4.music.126.net/sPWT-5o_bKh3gdMXmaXtnw==/19193074974784107.jpg, gpicture=http://p4.music.126.net/sPWT-5o_bKh3gdMXmaXtnw==/19193074974784107.jpg,http://p3.music.126.net/N2ltv9B_OXEFqGSMxowpZw==/109951162973297365.jpg,http://p4.music.126.net/xpkuCjvV69cGSD3Gqkg0ZA==/109951162973296862.jpg, gname=漫步者（EDIFIER）R101V 2.1声道多媒体音箱, gintroduce=官方累计销量逾千万；入门级2.1音箱的优先之选，外观朴实，音质出众, gcolorid=null, category1=101000, category2=1009006, gbrand=漫步者（EDIFIER）, gprice=139.0, ggrade=null, gcount=41, gmaterial=null, hot=0]
Goods [gid=6490086, zpicture=http://p3.music.126.net/oI3W8OiTC7lHSg4CvPudtQ==/18985267277127717.jpg, gpicture=http://p3.music.126.net/oI3W8OiTC7lHSg4CvPudtQ==/18985267277127717.jpg,http://p3.music.126.net/dXbBDSVSgg0R_mqtJJNjSw==/109951162973316242.jpg, gname=漫步者（EDIFIER）R206P U盘播放 2.1声道 多媒体音箱, gintroduce=木质低音炮；听感均衡自然，低频有力；支持USB设备直接读取播放, gcolorid=null, category1=101000, category2=1009006, gbrand=漫步者（EDIFIER）, gprice=249.0, ggrade=null, gcount=24, gmaterial=null, hot=3]
Goods [gid=6490087, zpicture=http://p3.music.126.net/G2EEHGsrFE4WfTW2uXXCEw==/3315027565723454.jpg, gpicture=http://p3.music.126.net/G2EEHGsrFE4WfTW2uXXCEw==/3315027565723454.jpg,http://p4.music.126.net/2_XexiBcn_0P5V0p5S5X6w==/19054536509683439.jpg,http://p3.music.126.net/3e4HU8mQxt5Vk31kdYblTQ==/18830236139322986.jpg, gname=漫步者（EDIFIER）R201T北美 2.1声道 多媒体音箱, gintroduce=经典R201系列作品之一；风格硬朗，棱角分明；低频震撼，中高频细腻，听感出众, gcolorid=null, category1=101000, category2=1009006, gbrand=漫步者（EDIFIER）, gprice=239.0, ggrade=null, gcount=26, gmaterial=null, hot=0]
Goods [gid=6490088, zpicture=http://p3.music.126.net/DaiYW9TwcQTdrRB0DJsbkg==/18536666534716344.jpg, gpicture=http://p3.music.126.net/DaiYW9TwcQTdrRB0DJsbkg==/18536666534716344.jpg,http://p4.music.126.net/_tMejGwpcpgqZZIuoFtUqQ==/109951162973326231.jpg,http://p4.music.126.net/-Zvspvkq-i9u2sj-Yg9riw==/109951162973329050.jpg, gname=漫步者（EDIFIER）R201T08 2.1声道 多媒体音箱, gintroduce=设计风格简约硬朗；5英寸低音单元，低频强劲有力；调节按钮侧置，操控简便, gcolorid=null, category1=101000, category2=1009006, gbrand=漫步者（EDIFIER）, gprice=219.0, ggrade=null, gcount=16, gmaterial=null, hot=0]
Goods [gid=6491050, zpicture=http://p3.music.126.net/_--mDh_7R92ofQQRl3nnnA==/18808245906763766.jpg, gpicture=http://p3.music.126.net/_--mDh_7R92ofQQRl3nnnA==/18808245906763766.jpg,http://p3.music.126.net/zKgZvUt0iJ3IAQXbIzk16Q==/18999560928280541.jpg, gname=漫步者（EDIFIER） H180 立体声耳机 手机耳塞, gintroduce=漫步者经典平头塞，人性化设计，佩戴舒适；细节设计用心，用料绝不将就, gcolorid=null, category1=101000, category2=1005000, gbrand=漫步者（EDIFIER）, gprice=39.0, ggrade=null, gcount=93, gmaterial=null, hot=2]
Goods [gid=6491052, zpicture=http://p3.music.126.net/a-3T3VeYh8l-W1HWhChGuw==/109951163678463617.jpg, gpicture=http://p3.music.126.net/a-3T3VeYh8l-W1HWhChGuw==/109951163678463617.jpg,http://p3.music.126.net/YsnQxG4ZfpVS8kbWNtki2A==/109951163678454450.jpg, gname=漫步者（EDIFIER）H190P 耳塞式耳机 手机通用线控带麦耳机, gintroduce=精心调校的高规格声学单元；通话清晰，操作简便；轻量化设计，佩戴舒适贴耳, gcolorid=null, category1=101000, category2=1005000, gbrand=漫步者（EDIFIER）, gprice=119.0, ggrade=null, gcount=68, gmaterial=null, hot=1]
Goods [gid=6491055, zpicture=http://p4.music.126.net/UNcGM3Ivrjxs1UbSzkiiGQ==/18903903416702874.jpg, gpicture=http://p4.music.126.net/UNcGM3Ivrjxs1UbSzkiiGQ==/18903903416702874.jpg,http://p4.music.126.net/0NVvj-aFmbZS5iAPoF2_4A==/19173283765508804.jpg,http://p3.music.126.net/cCvwaVR5PIsJaWjia4YXmA==/18864320998106348.jpg,http://p4.music.126.net/OjLvnWMRTV7S4c2eanAiyg==/18731280092847553.jpg,http://p4.music.126.net/RrtD56f2n5VtHCWP405yVQ==/19235955928294077.jpg, gname=漫步者（EDIFIER） H230P 入耳式立体声线控耳机, gintroduce=流畅外形，质感配色，简约大气；声场真实饱满；全指向收声，多终端兼容, gcolorid=null, category1=101000, category2=1005000, gbrand=漫步者（EDIFIER）, gprice=69.0, ggrade=null, gcount=109, gmaterial=null, hot=1]
Goods [gid=6491056, zpicture=http://p3.music.126.net/kgZxEarW_54iIeBbNAcdAA==/109951163287179677.jpg, gpicture=http://p3.music.126.net/kgZxEarW_54iIeBbNAcdAA==/109951163287179677.jpg,http://p3.music.126.net/3GwQGqmBnhbJAMy6OM3-OQ==/109951163279832717.jpg,http://p4.music.126.net/IpMBi-lU5pS3Z1mSyIQmqQ==/109951163279831791.jpg,http://p3.music.126.net/iKnl7Zjy79meDRDDydsDKg==/109951163279827455.jpg,http://p4.music.126.net/nnadisQlJ--U-AEx883qRQ==/109951163279836035.jpg,http://p4.music.126.net/ZegpOphd6VlzE7eSqvTRmw==/109951163279831796.jpg, gname=漫步者（EDIFIER）H265P 入耳式线控带麦手机通用音乐耳机, gintroduce=硬朗配色，拼接手柄式设计；高度还原声音细节；精巧细节，拿捏顺手；高灵敏麦克风，一键通话, gcolorid=null, category1=101000, category2=1005000, gbrand=漫步者（EDIFIER）, gprice=88.0, ggrade=null, gcount=201, gmaterial=null, hot=2]
Goods [gid=6491077, zpicture=http://p4.music.126.net/YlaF-pnJ6vVp2QUYasJzlw==/18598239185853300.jpg, gpicture=http://p4.music.126.net/YlaF-pnJ6vVp2QUYasJzlw==/18598239185853300.jpg,http://p3.music.126.net/bVRtP-baA_l96WUZXgPz9Q==/3313928054094526.jpg,http://p4.music.126.net/gZyCw-7xtkGLqUvmEk-bIg==/18802748348631587.jpg, gname=漫步者（EDIFIER）R201T12 2.1声道 多媒体音箱, gintroduce=5英寸口径低音单元，低频震憾强劲；优质2.75英寸中高音单元，中高音纯正, gcolorid=null, category1=101000, category2=1009006, gbrand=漫步者（EDIFIER）, gprice=229.0, ggrade=null, gcount=16, gmaterial=null, hot=0]
Goods [gid=6492050, zpicture=http://p3.music.126.net/B3rnI_8Pl9Evnym6gsTo4Q==/109951163781109191.jpg, gpicture=http://p3.music.126.net/B3rnI_8Pl9Evnym6gsTo4Q==/109951163781109191.jpg,http://p4.music.126.net/VH0ZqDKl-F2Iyauovt01lA==/109951163781107386.jpg,http://p3.music.126.net/wTu9krygVzFmkIDSXET-Pw==/109951163781111600.jpg, gname=漫步者（EDIFIER）H185P 高保真立体声耳机 线控带麦可通话, gintroduce=造型时尚灵动；兼容主流手机品牌，通话质量上佳；佩戴舒适贴耳，细节精致用心, gcolorid=null, category1=101000, category2=1005000, gbrand=漫步者（EDIFIER）, gprice=69.0, ggrade=null, gcount=76, gmaterial=null, hot=1]
Goods [gid=6492052, zpicture=http://p3.music.126.net/zCisaCOHVphjLnYhiGPu4Q==/19163388160822457.jpg, gpicture=http://p3.music.126.net/zCisaCOHVphjLnYhiGPu4Q==/19163388160822457.jpg,http://p4.music.126.net/Np_s-NMuDKHfeg_pj7t5Qg==/18985267277127696.jpg,http://p4.music.126.net/dPe41bMya-qP7WisN1sDNQ==/19196373509656945.jpg,http://p4.music.126.net/1bvv44bVHQSKNx4J-gQPYw==/18808245906764058.jpg, gname=漫步者（EDIFIER）H210 高保真入耳式立体声耳机, gintroduce=9mm高性能钕铁硼单元；灵敏度达到105dB；佩戴舒适贴耳，隔音效果良好, gcolorid=null, category1=101000, category2=1005000, gbrand=漫步者（EDIFIER）, gprice=49.0, ggrade=null, gcount=49, gmaterial=null, hot=0]
Goods [gid=6492062, zpicture=http://p4.music.126.net/QlvgY9UqrgkuF4MEAHRT6Q==/18558656767255218.jpg, gpicture=http://p4.music.126.net/QlvgY9UqrgkuF4MEAHRT6Q==/18558656767255218.jpg,http://p3.music.126.net/f49WUW8kLyab1_-kLG0nBw==/109951162973061376.jpg,http://p3.music.126.net/a_wpi757cYtfnxKkmmAkew==/109951162973059916.jpg, gname=漫步者（EDIFIER）E235 新一代高品质电视/客厅音响 低音炮, gintroduce=钢琴烤漆工艺；无线低音炮配置，强悍功放驱动；CES创新大奖；蓝牙、光纤、aux输入, gcolorid=null, category1=101000, category2=1009006, gbrand=漫步者（EDIFIER）, gprice=1999.0, ggrade=null, gcount=20, gmaterial=null, hot=1]
Goods [gid=6492070, zpicture=http://p3.music.126.net/AIg1MgcXtpY9AcK8FNtIlg==/19020451649211505.jpg, gpicture=http://p3.music.126.net/AIg1MgcXtpY9AcK8FNtIlg==/19020451649211505.jpg,http://p3.music.126.net/25tTjD7jwrtIymjh7zQhFA==/18808245906763777.jpg,http://p4.music.126.net/fCqr-xvZpIlJ6v-AwlGaLQ==/18999560928280561.jpg,http://p4.music.126.net/-CDXO54xxURpY2pkou0uGQ==/18607035278848182.jpg, gname=漫步者（EDIFIER）R980T 多媒体电脑音箱 桌面音箱系统, gintroduce=全木质2.0音箱，家用商用皆宜；24W功率输出，失真度更低，音量强劲，低音弹性足, gcolorid=null, category1=101000, category2=1009006, gbrand=漫步者（EDIFIER）, gprice=269.0, ggrade=null, gcount=17, gmaterial=null, hot=0]
Goods [gid=6492076, zpicture=http://p4.music.126.net/dSiA8EDzDbJPZS-C7L_E6w==/109951164432055780.jpg, gpicture=http://p4.music.126.net/dSiA8EDzDbJPZS-C7L_E6w==/109951164432055780.jpg,http://p3.music.126.net/lO4lGu9DK8jg5B59An9_fw==/109951164432060152.jpg,http://p3.music.126.net/BTkEIavUpDJI5pDN_gAJQQ==/109951164432057224.jpg,http://p4.music.126.net/GncYhluObZ1Bk5LghKXGIw==/109951164432055287.jpg, gname=漫步者（EDIFIER）K800 头戴式电脑语音通讯游戏耳机耳麦, gintroduce=经典款式，音质出众；简约大气；佩戴舒适，隔音效果良好；细节设计用心到位, gcolorid=null, category1=101000, category2=1005000, gbrand=漫步者（EDIFIER）, gprice=79.0, ggrade=null, gcount=80, gmaterial=null, hot=0]
Goods [gid=6492077, zpicture=http://p4.music.126.net/gw43nrEo1dzAJ2S7hYADCA==/109951162973806348.jpg, gpicture=http://p4.music.126.net/gw43nrEo1dzAJ2S7hYADCA==/109951162973806348.jpg,http://p4.music.126.net/2HdPlsbz8Ek7TE_4xRDXsw==/109951162973806837.jpg,http://p4.music.126.net/j3k51tiFWOZf2iOMe4FJAQ==/109951162973811107.jpg, gname=漫步者（EDIFIER）HECATE G4 USB接口 7.1声道 头戴式吃鸡游戏耳机 电竞耳麦, gintroduce=USB 7.1声道；炫酷LED灯光；体感振动单元, gcolorid=null, category1=101000, category2=1005000, gbrand=漫步者（EDIFIER）, gprice=299.0, ggrade=null, gcount=38, gmaterial=null, hot=2]
Goods [gid=6506143, zpicture=http://p3.music.126.net/517Cf4Nuebgpn476tMbXyQ==/109951164017036341.jpg, gpicture=http://p3.music.126.net/517Cf4Nuebgpn476tMbXyQ==/109951164017036341.jpg,http://p4.music.126.net/obSaPwodHDi-bQrahqcEQw==/109951162986518128.jpg,http://p3.music.126.net/iQRXBKD0YxM_90My36BpiQ==/109951162986509974.jpg,http://p4.music.126.net/-VbznSjysAyKFpKup1sJnQ==/109951162986516774.jpg,http://p4.music.126.net/YP4xsLwRRo5KDZJ9E7N7ng==/109951162986520555.jpg,http://p4.music.126.net/r__IVomHS3w9_TMa5JLoyg==/109951162986513424.jpg, gname=击音【触控级】降噪防水手势识别蓝牙运动耳机, gintroduce=告别按键，换代触摸运动耳机，男女分款, gcolorid=null, category1=101000, category2=1005000, gbrand=击音, gprice=149.0, ggrade=null, gcount=4576, gmaterial=null, hot=1]
Goods [gid=6507069, zpicture=http://p3.music.126.net/Vloojx9BJdYW1pmSYEstOA==/109951162978806043.jpg, gpicture=http://p3.music.126.net/Vloojx9BJdYW1pmSYEstOA==/109951162978806043.jpg,http://p4.music.126.net/YXUKtczI1u-Mrlga-S3t7A==/109951162978806044.jpg,http://p4.music.126.net/fNCgX5KKbfQG5vicKNyT1w==/109951162978801217.jpg,http://p4.music.126.net/QTXESrqV5sptKUw92ifClg==/109951162978806047.jpg, gname=BOSE QuietControl 30 无线消噪挂脖式耳机, gintroduce=自定义消噪技术；蓝牙连接，支持NFC；音量优化均衡技术, gcolorid=null, category1=101000, category2=1005000, gbrand=BOSE, gprice=2498.0, ggrade=null, gcount=2, gmaterial=null, hot=0]
Goods [gid=6508069, zpicture=http://p3.music.126.net/a7p7c7K5RUkM3240-Z08uw==/109951162978716590.jpg, gpicture=http://p3.music.126.net/a7p7c7K5RUkM3240-Z08uw==/109951162978716590.jpg,http://p3.music.126.net/E1bQf06SPOi7SEc6LwqF5w==/109951162978718564.jpg,http://p4.music.126.net/Yo3wYh1eLnDhri4F_kqarg==/109951162978709982.jpg,http://p4.music.126.net/ets-FVlMGE9Qk_xqRSARHQ==/109951162978716130.jpg,http://p3.music.126.net/iam5frtivA39oI681_mpTw==/109951162978714732.jpg, gname=铁三角 CKR70iS 通话线控带麦入耳式HIFI耳机, gintroduce=高度重现真实原音；强韧外壳；多彩配色；多功能线控, gcolorid=null, category1=101000, category2=1005000, gbrand=铁三角, gprice=909.0, ggrade=null, gcount=49, gmaterial=null, hot=3]
Goods [gid=6508072, zpicture=http://p4.music.126.net/3MFa5bDpFHn7itTn98KMAA==/109951162978735698.jpg, gpicture=http://p4.music.126.net/3MFa5bDpFHn7itTn98KMAA==/109951162978735698.jpg,http://p3.music.126.net/VKiMit9rEP0oUcJhQL1Tsg==/109951162978732443.jpg,http://p3.music.126.net/umaMWR96tOAx2g9lVesAyA==/109951162978731490.jpg, gname=铁三角 ESW990H 梧桐木制便携式HiFi耳机, gintroduce=日本进口；梧桐木精致外壳；驱动单元设有统一轭轴的两套磁路组件，可拆卸式音频导线, gcolorid=null, category1=101000, category2=1005000, gbrand=铁三角, gprice=2750.0, ggrade=null, gcount=10, gmaterial=null, hot=2]
Goods [gid=6508075, zpicture=http://p3.music.126.net/dBgO6tSEnSpH1tXGiP6YEw==/109951162978757927.jpg, gpicture=http://p3.music.126.net/dBgO6tSEnSpH1tXGiP6YEw==/109951162978757927.jpg,http://p3.music.126.net/mTDPMsZ2OSGOsx95cslPxA==/109951162978766512.jpg,http://p3.music.126.net/o_GZdAryE8rQtse5CpM3GA==/109951162978760320.jpg, gname=铁三角 M70X 高端录音监听头戴式耳机, gintroduce=高度还原丰富细节；45mm大单元带来震撼聆听；隔音效果优良, gcolorid=null, category1=101000, category2=1005000, gbrand=铁三角, gprice=2280.0, ggrade=null, gcount=10, gmaterial=null, hot=0]
Goods [gid=6508076, zpicture=http://p4.music.126.net/UYzHzU7CqCjrWYh1OCHcTg==/109951162978765875.jpg, gpicture=http://p4.music.126.net/UYzHzU7CqCjrWYh1OCHcTg==/109951162978765875.jpg,http://p4.music.126.net/hu31USuJouhccXGQBXH4AA==/109951162978762464.jpg,http://p4.music.126.net/QDTiBUSuZyefNLoBRLvd0A==/109951162978770503.jpg, gname=铁三角 MSR7NC Hi-Res认证主动降噪版 舒适头戴式耳机, gintroduce=主动降噪，听见好声音；细致精心结构设计；舒适透气耳罩, gcolorid=null, category1=101000, category2=1005000, gbrand=铁三角, gprice=2399.0, ggrade=null, gcount=27, gmaterial=null, hot=0]
Goods [gid=6508078, zpicture=http://p3.music.126.net/1sZrVBbv0623iGQVI_YxVA==/109951162978779663.jpg, gpicture=http://p3.music.126.net/1sZrVBbv0623iGQVI_YxVA==/109951162978779663.jpg,http://p3.music.126.net/LA29thaxMdLmgj0-PNt8AA==/109951162978777734.jpg,http://p4.music.126.net/eXOtAUhEvE-iHA5K5M9scw==/109951162978777743.jpg,http://p4.music.126.net/GywDLqWw374LQATeyadmLQ==/109951162978780140.jpg,http://p3.music.126.net/gIAYWX7t7Yv-jm2VFs6eXA==/109951162978781064.jpg,http://p3.music.126.net/m-jS7MvnxPE043iP6D0GQg==/18953381440125696.jpg, gname=铁三角 WS550IS 便携式智能手机耳麦, gintroduce=高解析音效；气流低频风孔系统；防共振结构设计；舒适耳罩, gcolorid=null, category1=101000, category2=1005000, gbrand=铁三角, gprice=619.0, ggrade=null, gcount=71, gmaterial=null, hot=0]
Goods [gid=6508079, zpicture=http://p4.music.126.net/0JHY--8uK32Nr_c5W8Q_vQ==/109951162978781222.jpg, gpicture=http://p4.music.126.net/0JHY--8uK32Nr_c5W8Q_vQ==/109951162978781222.jpg,http://p4.music.126.net/i1le_bv6UIQ3e4-Iy4UgHQ==/109951162978778414.jpg,http://p4.music.126.net/DUVvGJ0fhfrAOvmKrric6A==/109951162978785083.jpg,http://p4.music.126.net/dJgYHzcL8prA3ZNThKx6rA==/109951162978786047.jpg, gname=铁三角 WS770IS 便携式智能手机耳麦, gintroduce=53mm大单元，带来震撼低音；高解析音频驱动单元；三重风孔系统, gcolorid=null, category1=101000, category2=1005000, gbrand=铁三角, gprice=1199.0, ggrade=null, gcount=17, gmaterial=null, hot=10]
Goods [gid=6509069, zpicture=http://p4.music.126.net/_EZwCjIdqayAxXCdtVWI-A==/109951162978724678.jpg, gpicture=http://p4.music.126.net/_EZwCjIdqayAxXCdtVWI-A==/109951162978724678.jpg,http://p4.music.126.net/08gItDvamFIPkFBMWZcsoA==/109951162978727566.jpg,http://p4.music.126.net/LEN9eoF1VheFlhRYul0PSA==/109951162978726137.jpg,http://p4.music.126.net/YscjslL2lBXC9hsBwLaE6Q==/109951162978726141.jpg,http://p3.music.126.net/X85o9CWx7L5KEZrApJKsKQ==/109951162978719968.jpg,http://p4.music.126.net/kdQrh5mIMzWeVAqwsw_POg==/19123805742443020.jpg, gname=铁三角 CLR100is 入耳式线控带麦手机耳机, gintroduce=掌控音乐、电话；佩戴舒适；隔音效果好；不易脱落；外形小巧，色彩鲜艳, gcolorid=null, category1=101000, category2=1005000, gbrand=铁三角, gprice=148.0, ggrade=null, gcount=259, gmaterial=null, hot=1]
Goods [gid=6509073, zpicture=http://p3.music.126.net/HCsvoJ7fQXXH5xBqZgloFg==/109951162978756118.jpg, gpicture=http://p3.music.126.net/HCsvoJ7fQXXH5xBqZgloFg==/109951162978756118.jpg,http://p3.music.126.net/uGR7X55fM7hWpc2jdbAZsQ==/109951162978750378.jpg,http://p4.music.126.net/njY-ZodW-2gC0T9zH8wB2A==/109951162978757555.jpg, gname=铁三角 M30x 头戴式专业监听耳机, gintroduce=录音室监听耳机；高解析度监听；单边出现设计；丰富细节, gcolorid=null, category1=101000, category2=1005000, gbrand=铁三角, gprice=599.0, ggrade=null, gcount=26, gmaterial=null, hot=0]
Goods [gid=6510068, zpicture=http://p4.music.126.net/TWN-e1qSvoYLOWJ8G8SbxQ==/109951163919201775.jpg, gpicture=http://p4.music.126.net/TWN-e1qSvoYLOWJ8G8SbxQ==/109951163919201775.jpg,http://p4.music.126.net/ZPKBe1m11rqjw2ypSW9AVw==/109951163919198824.jpg,http://p3.music.126.net/z9_x48zThyDNBPXmomOaiA==/109951163919205585.jpg,http://p3.music.126.net/6b3-paqwCdre255G88ntYw==/109951163919198388.jpg,http://p4.music.126.net/CIiuUFMP__fisQTyww1AhA==/109951163919208020.jpg, gname=铁三角 CKL220IS 入耳式线控带麦耳机, gintroduce=细致解析度；一键线控接听电话, gcolorid=null, category1=101000, category2=1005000, gbrand=铁三角, gprice=178.0, ggrade=null, gcount=34, gmaterial=null, hot=1]
Goods [gid=6510069, zpicture=http://p4.music.126.net/smR3Sa3Z0gzYZkdOb_rs_A==/109951162978712622.jpg, gpicture=http://p4.music.126.net/smR3Sa3Z0gzYZkdOb_rs_A==/109951162978712622.jpg,http://p4.music.126.net/qO_4AUgkQS-gXnPbkBUjsw==/109951162978707365.jpg,http://p4.music.126.net/yGh2mV-N9CcUj7fZs9KPEg==/109951162978708332.jpg,http://p3.music.126.net/wyORHXsPFXrmi4x1pFlZ9w==/109951162978707371.jpg,http://p3.music.126.net/-5UagpQZ1fs8aSPBRWXO7A==/109951162978712626.jpg,http://p4.music.126.net/kgr_qsOS_zT9F3rXBiQoPg==/109951162978708866.jpg, gname=铁三角 CKR50iS 线控带麦入耳式HIFI耳机, gintroduce=金属质感外壳；低音强劲，解析出色；多彩时尚；佩戴舒适牢固；智能线控, gcolorid=null, category1=101000, category2=1005000, gbrand=铁三角, gprice=498.0, ggrade=null, gcount=85, gmaterial=null, hot=0]
Goods [gid=6510073, zpicture=http://p3.music.126.net/gWNnAEM2IFauKjF8jt9nBg==/109951162978733629.jpg, gpicture=http://p3.music.126.net/gWNnAEM2IFauKjF8jt9nBg==/109951162978733629.jpg,http://p3.music.126.net/wELv-_Ixc1Y7BR_Fk77mjw==/109951162978731248.jpg,http://p4.music.126.net/r707Q-sYUbz_YZrzL32v9w==/109951162978731260.jpg,http://p3.music.126.net/v4cGItuWY8GVPKtIUq3jDQ==/109951162978734065.jpg,http://p3.music.126.net/pxH71GhPxWi4jfHLx2aGOQ==/109951162978733217.jpg,http://p3.music.126.net/HIHdrqvy3Qfqgyxj3do7JA==/109951162978730797.jpg,http://p3.music.126.net/5oPa-8OG5iDV-KL9k5_sDQ==/109951162978725991.jpg,http://p3.music.126.net/7yhrjMlzRebsEwZPQZ0IvQ==/109951162978732284.jpg, gname=铁三角 EQ500 轻量便携 时尚舒适运动挂耳式耳机, gintroduce=音质清晰；缤纷色彩选择；佩戴舒适牢固；跑步搭档, gcolorid=null, category1=101000, category2=1005000, gbrand=铁三角, gprice=199.0, ggrade=null, gcount=47, gmaterial=null, hot=3]
Goods [gid=6510076, zpicture=http://p3.music.126.net/rcB2RBfG2799HBdWYQ60iA==/109951162978753852.jpg, gpicture=http://p3.music.126.net/rcB2RBfG2799HBdWYQ60iA==/109951162978753852.jpg,http://p4.music.126.net/Yv2t4T1A2-m3KMeBkpi2Ww==/109951162978759034.jpg,http://p4.music.126.net/duYzxhOeKaq8sQyJk7TqfQ==/109951162978756658.jpg, gname=铁三角 M40x 头戴式专业监听耳机, gintroduce=高品质监听耳机；还原丰富细节，给双耳更多真实震撼, gcolorid=null, category1=101000, category2=1005000, gbrand=铁三角, gprice=680.0, ggrade=null, gcount=20, gmaterial=null, hot=0]
Goods [gid=6511065, zpicture=http://p4.music.126.net/Nd1GDkzVBeQJl5YDI300WA==/109951162978722711.jpg, gpicture=http://p4.music.126.net/Nd1GDkzVBeQJl5YDI300WA==/109951162978722711.jpg,http://p3.music.126.net/Oi2LYzxf_sdD0CJ9iZHwSw==/109951162978719841.jpg,http://p3.music.126.net/RChjo_I8F-wmq_8W0OiDbw==/109951162978720796.jpg, gname=铁三角 CKR100iS 线控入耳式耳机, gintroduce=高度还原真实声音；钛金属外壳；解析力出众；可换线设计；多功能线控, gcolorid=null, category1=101000, category2=1005000, gbrand=铁三角, gprice=3168.0, ggrade=null, gcount=9, gmaterial=null, hot=1]
Goods [gid=6511068, zpicture=http://p3.music.126.net/xmrJf18xji6aTPZsv_ygbg==/109951162978746847.jpg, gpicture=http://p3.music.126.net/xmrJf18xji6aTPZsv_ygbg==/109951162978746847.jpg,http://p4.music.126.net/K6QxSgrl76Ba3d2rE0EcqQ==/109951162978749699.jpg,http://p3.music.126.net/Mue5nhc07Obv2tpZ9aYCRA==/109951162978749703.jpg, gname=铁三角 IM70 双动圈入耳式耳机, gintroduce=双动圈监听，忠于原音；可拆卸式线缆；采用耐久耳机线材, gcolorid=null, category1=101000, category2=1005000, gbrand=铁三角, gprice=649.0, ggrade=null, gcount=12, gmaterial=null, hot=0]
Goods [gid=6511071, zpicture=http://p4.music.126.net/-Piblwguif27zoTPSoGjNA==/109951162978773138.jpg, gpicture=http://p4.music.126.net/-Piblwguif27zoTPSoGjNA==/109951162978773138.jpg, gname=铁三角 SR5 头戴式HIFI高解析耳机, gintroduce=轻巧舒适佩戴体验；高清音质表现；可拆线设计；便携折叠；线控通话, gcolorid=null, category1=101000, category2=1005000, gbrand=铁三角, gprice=1138.0, ggrade=null, gcount=25, gmaterial=null, hot=2]
Goods [gid=6512066, zpicture=http://p4.music.126.net/9U3P2tSOdORzheuigzBF1Q==/109951162978711071.jpg, gpicture=http://p4.music.126.net/9U3P2tSOdORzheuigzBF1Q==/109951162978711071.jpg,http://p4.music.126.net/kLIaVX0yzs_ULbXdpNggWw==/109951162978710614.jpg,http://p4.music.126.net/biothsI3hwiKggDBZ1TQ8A==/109951162978704777.jpg,http://p3.music.126.net/fDXct-oDvBKq6OpidUyYkw==/109951162978701446.jpg,http://p3.music.126.net/M2f0LEyxjep5eknulazGJw==/109951162978707214.jpg,http://p3.music.126.net/ofMmcStm5o66pps8y7-W3A==/109951162978702476.jpg, gname=铁三角 CK330IS 手机专用带麦通话入耳式耳机, gintroduce=金属质感外壳；大口径驱动单元，音质表现出众，解析出色；多彩选择，个性张扬, gcolorid=null, category1=101000, category2=1005000, gbrand=铁三角, gprice=189.0, ggrade=null, gcount=104, gmaterial=null, hot=0]
Goods [gid=6512067, zpicture=http://p3.music.126.net/FDTFTTaYPAmpwe6QS0dStA==/109951162978723043.jpg, gpicture=http://p3.music.126.net/FDTFTTaYPAmpwe6QS0dStA==/109951162978723043.jpg,http://p3.music.126.net/S38GESaw4kU822hVTAJWnQ==/109951162978720199.jpg,http://p3.music.126.net/CLoEygp5ojbq-SLYzPnFBw==/109951162978719275.jpg, gname=铁三角 CKR90iS 线控带麦入耳式HIFI耳机, gintroduce=金属外壳，抑制多余共振；改善高频特性，更宽广；可换线设计；多功能线控, gcolorid=null, category1=101000, category2=1005000, gbrand=铁三角, gprice=1499.0, ggrade=null, gcount=4, gmaterial=null, hot=0]
Goods [gid=6512068, zpicture=http://p4.music.126.net/98nWTStTDokxcXxbDOsJZQ==/109951162978735616.jpg, gpicture=http://p4.music.126.net/98nWTStTDokxcXxbDOsJZQ==/109951162978735616.jpg,http://p4.music.126.net/pme8oCtFkB7J2VbidOIHYw==/109951162978728484.jpg,http://p3.music.126.net/oojgu1FisZIT8XNvXRW9_g==/109951162978735618.jpg, gname=铁三角 ES770H 便携HIFI头戴式耳机, gintroduce=日本进口；镜面外观；驱动单元设有统一轭轴的两套磁路组件；可拆卸式音频导线, gcolorid=null, category1=101000, category2=1005000, gbrand=铁三角, gprice=1760.0, ggrade=null, gcount=8, gmaterial=null, hot=0]
Goods [gid=6512070, zpicture=http://p4.music.126.net/Nw5QM-FhvOokaycKC_DzHQ==/109951162978742792.jpg, gpicture=http://p4.music.126.net/Nw5QM-FhvOokaycKC_DzHQ==/109951162978742792.jpg,http://p3.music.126.net/GhBIFO1onYdvDOurTtEXKQ==/109951162978742326.jpg,http://p4.music.126.net/ZBJhHiNTkkww2ITqD0QxgA==/109951162978746542.jpg,http://p3.music.126.net/ahU7qCOzhQm3vitbGeH_8A==/109951162978737987.jpg,http://p4.music.126.net/juU_Qyfxh9NPjsLq95Z1QQ==/109951162978743799.jpg,http://p4.music.126.net/ierfphr7k6yZgeAubVzxUg==/109951162978742797.jpg, gname=铁三角 IM50 双动圈入耳耳机, gintroduce=低失真；可拆换线设计, gcolorid=null, category1=101000, category2=1005000, gbrand=铁三角, gprice=448.0, ggrade=null, gcount=15, gmaterial=null, hot=0]
Goods [gid=6512072, zpicture=http://p4.music.126.net/X90MktkP9BF_RRoPx-VfvA==/109951162978752248.jpg, gpicture=http://p4.music.126.net/X90MktkP9BF_RRoPx-VfvA==/109951162978752248.jpg,http://p4.music.126.net/8DeRPJlcsjyGBmTZISbHgw==/109951162978754236.jpg, gname=铁三角 M20x 入门级专业监听耳机, gintroduce=入门级监听耳机；高解析力；淬炼声音细节, gcolorid=null, category1=101000, category2=1005000, gbrand=铁三角, gprice=399.0, ggrade=null, gcount=3, gmaterial=null, hot=0]
Goods [gid=6512073, zpicture=http://p3.music.126.net/lkRPh-bmVv6kcWpWx3GmXw==/109951163652139883.jpg, gpicture=http://p3.music.126.net/lkRPh-bmVv6kcWpWx3GmXw==/109951163652139883.jpg,http://p4.music.126.net/mGOnu2sh86rnfAr1x5aSSw==/109951163652148132.jpg,http://p4.music.126.net/XN9KJO11QuiUN-YaJ44BZg==/109951163652141760.jpg,http://p3.music.126.net/Y7yWYAqDALff4JX8F1qsiQ==/109951163652146156.jpg,http://p4.music.126.net/0TM4Vc5kwA_XdpkMlPZdvw==/109951163652145221.jpg,http://p3.music.126.net/RfYoeXRqYoGrpq66GtwznQ==/109951163652144242.jpg,http://p4.music.126.net/18YzYWQQ-9B4UubB1aOiag==/109951163652139396.jpg,http://p3.music.126.net/Ukoo8FZgM3iLUUubusdQvQ==/109951163652145711.jpg, gname=铁三角 M50x 专业监听旗舰级耳机, gintroduce=佩戴舒适；高解析力；三频均衡；音质醇美耐听, gcolorid=null, category1=101000, category2=1005000, gbrand=铁三角, gprice=1199.0, ggrade=null, gcount=53, gmaterial=null, hot=0]
Goods [gid=6529071, zpicture=http://p4.music.126.net/0bSOycBysXFViicWN3B28Q==/109951162986578319.jpg, gpicture=http://p4.music.126.net/0bSOycBysXFViicWN3B28Q==/109951162986578319.jpg,http://p3.music.126.net/1dKVqxW8pDg4yhoOUERpag==/109951162986582040.jpg,http://p3.music.126.net/g2EA_kZUbShhis6DKYtOBw==/109951162986585008.jpg,http://p3.music.126.net/VN3djHtFKH4rFDbvrpi4Fw==/109951162986578350.jpg,http://p3.music.126.net/1yjeAhat8_X6e3VJ4jMCtg==/109951162986584542.jpg,http://p3.music.126.net/F1rVZyi1TQTOL8BJ-J69LQ==/109951162986575937.jpg, gname=击音(iGene)Super HDⅡ【全触摸】进口HIFI降噪无线有线双模蓝牙头戴, gintroduce=联想音频独立品牌，双曲面触控 双模式连接, gcolorid=null, category1=101000, category2=1005000, gbrand=击音, gprice=249.0, ggrade=null, gcount=1390, gmaterial=null, hot=0]
Goods [gid=6531067, zpicture=http://p3.music.126.net/LJDWRjKZKP1MVzxIN3LN_A==/19100715998038101.jpg, gpicture=http://p3.music.126.net/LJDWRjKZKP1MVzxIN3LN_A==/19100715998038101.jpg,http://p3.music.126.net/Q_MwsdswYnQzi_3JycFGdw==/19191975463114193.jpg,http://p4.music.126.net/Yz-VJ90YKgOPRrlaUZCjLQ==/18911599998026070.jpg,http://p3.music.126.net/4m-CwxNgGGi2V5htCV2h9g==/19186477904979809.jpg,http://p3.music.126.net/0JSm4cy0dDvbCgHlUrCA1A==/18789554209065678.jpg,http://p3.music.126.net/SsLRohIZJ20sVTaCWNmXQQ==/19111711114319792.jpg,http://p4.music.126.net/oylqyKXlfb3c93eNySFilQ==/18755469348613773.jpg, gname=击音听键A1 蓝牙音频接收器 4+种佩戴 苹果安卓必备新配件, gintroduce=源自英国基因声学，联想音频独立品牌！万款有线耳机标配的HiFi无线伙伴！, gcolorid=null, category1=101000, category2=1005000, gbrand=击音, gprice=69.0, ggrade=null, gcount=2083, gmaterial=null, hot=2]
Goods [gid=6541061, zpicture=http://p4.music.126.net/lIYB3y91w6qgX8E3fm8LGg==/109951164315558229.jpg, gpicture=http://p4.music.126.net/lIYB3y91w6qgX8E3fm8LGg==/109951164315558229.jpg,http://p4.music.126.net/E4_IlZ4_2uNdtg0WsWDaYw==/109951164315564060.jpg,http://p3.music.126.net/kGARxjYd_GmFJzpKUi0pjA==/109951164315555370.jpg,http://p4.music.126.net/Y0Kmgj6gl1-lx8IOwBI4Rw==/109951164315565048.jpg,http://p3.music.126.net/4tmgDTcQ9kKUyxjr5DlmHQ==/109951164315555866.jpg,http://p4.music.126.net/h9t1TqTTQ0sbR6E-cbqkXg==/109951164315561164.jpg,http://p3.music.126.net/UTxybraVOLeLXHzKrCeTKg==/109951164473510798.jpg,http://p3.music.126.net/zf1uTBFwUebnFuuVIZbBVg==/109951164473505398.jpg, gname=漫步者（EDIFIER）W280BT 无线蓝牙入耳式运动耳机磁吸耳塞, gintroduce=云音乐定制版白色限量优惠，售完即止；简约主流轻量化设计；微倾斜贴合耳道；鲨鱼鳍软胶耳撑, gcolorid=null, category1=101000, category2=1005000, gbrand=漫步者（EDIFIER）, gprice=119.0, ggrade=null, gcount=926, gmaterial=null, hot=0]
Goods [gid=6575088, zpicture=http://p4.music.126.net/Y4NT3sjKHtpxoW2O5v-Yrg==/109951163677001816.jpg, gpicture=http://p4.music.126.net/Y4NT3sjKHtpxoW2O5v-Yrg==/109951163677001816.jpg,http://p3.music.126.net/kkrTL-2mR6Ndc3bbrqjgbw==/109951164119380549.jpg,http://p3.music.126.net/91MPrgoqDrPN2ySyoSWXCQ==/109951164119381054.jpg,http://p3.music.126.net/puYPlEp9v08OeLz5_ArVjg==/109951164119380550.jpg,http://p3.music.126.net/nmUgbC_URrmWghMqenWdWg==/109951164119369960.jpg, gname=网易云音乐无线蓝牙音箱MB1, gintroduce=云音乐官方出品，调音6480小时，回归声音本真；, gcolorid=null, category1=101000, category2=1009006, gbrand=网易云音乐, gprice=399.0, ggrade=null, gcount=311, gmaterial=null, hot=0]
Goods [gid=6578087, zpicture=http://p3.music.126.net/Gk_ehtWqkGq7Mv7fRa7a4A==/109951163016556074.jpg, gpicture=http://p3.music.126.net/Gk_ehtWqkGq7Mv7fRa7a4A==/109951163016556074.jpg,http://p3.music.126.net/GG7M1pYFY2A8SnU2sVgnzA==/109951163764646906.jpg, gname=新裤子彭磊《北海怪兽》系列装饰画框, gintroduce=音乐人正版周边产品, gcolorid=null, category1=1008002, category2=1009002, gbrand=MAGICBUS, gprice=168.0, ggrade=null, gcount=18, gmaterial=null, hot=18]
Goods [gid=6596077, zpicture=http://p3.music.126.net/57Ci6xkEwfaoemkbEqON8A==/109951163020529728.jpg, gpicture=http://p3.music.126.net/57Ci6xkEwfaoemkbEqON8A==/109951163020529728.jpg,http://p4.music.126.net/Vp1AUTyBZbPdw0-LA8rQtQ==/109951163020528732.jpg,http://p3.music.126.net/rG2zV7CynizRBV_lmAUXDA==/109951163020534005.jpg,http://p4.music.126.net/l_Rdx-gv1uFhHBL9x9Mj5w==/109951163020527818.jpg,http://p4.music.126.net/D6vIP3FbuB0F0Gy5eLGHUg==/109951163020523963.jpg, gname=铁三角 LS70is 双动圈入耳式带麦耳机, gintroduce=双动圈交响，更动听，更舒适, gcolorid=null, category1=101000, category2=1005000, gbrand=铁三角, gprice=938.0, ggrade=null, gcount=9, gmaterial=null, hot=1]
Goods [gid=6597074, zpicture=http://p4.music.126.net/oSBeMxSYpvC3AtOvG46ulw==/109951163020533236.jpg, gpicture=http://p4.music.126.net/oSBeMxSYpvC3AtOvG46ulw==/109951163020533236.jpg,http://p3.music.126.net/Bpmhf6QPNM55KSjoOiSnZA==/109951163020533241.jpg,http://p3.music.126.net/zRAp1i3dNsziviWUyZThNw==/109951163020538513.jpg,http://p3.music.126.net/HA1MRD9q5vnKQvqUtmhn-Q==/109951163020534689.jpg,http://p3.music.126.net/UqtUAiictPmFZ2_XRp1DMQ==/109951163020529428.jpg, gname=铁三角 LS300iS 三单元手机线控带麦 入耳式耳机, gintroduce=三单与平衡电枢，享受丰沛三频音色, gcolorid=null, category1=101000, category2=1005000, gbrand=铁三角, gprice=2398.0, ggrade=null, gcount=8, gmaterial=null, hot=1]
Goods [gid=6599086, zpicture=http://p4.music.126.net/3KISbSP3X0R8geYsCMMZqw==/109951163020521335.jpg, gpicture=http://p4.music.126.net/3KISbSP3X0R8geYsCMMZqw==/109951163020521335.jpg,http://p3.music.126.net/hsKQ_n_1PvzaBf6LNcmAfw==/109951163020520432.jpg,http://p4.music.126.net/3vAm5vcovCiX9JP2OQBkIw==/109951163020520867.jpg,http://p3.music.126.net/bm5AVV8TKFyqD9CNt3TbYA==/109951163020516490.jpg,http://p3.music.126.net/n3lncX5097SCTEXY75ww9w==/109951163020527522.jpg,http://p4.music.126.net/XaABwln--dFNWXdgOtHoQg==/109951163020526079.jpg,http://p3.music.126.net/dHDgZjzyGx43AKODSNYypg==/109951163020521360.jpg,http://p4.music.126.net/mlMwzwLeOcfzpYztfj022w==/109951163020522741.jpg, gname=铁三角 LS50is 双动圈线控带麦入耳式耳机, gintroduce=双动圈设计，呈现强劲低频，发现更美的声音, gcolorid=null, category1=101000, category2=1005000, gbrand=铁三角, gprice=598.0, ggrade=null, gcount=41, gmaterial=null, hot=0]
Goods [gid=6599088, zpicture=http://p4.music.126.net/rz2rYpU8LzUv5_RDUdADyA==/109951163020529984.jpg, gpicture=http://p4.music.126.net/rz2rYpU8LzUv5_RDUdADyA==/109951163020529984.jpg,http://p3.music.126.net/CHMYc_3l7MNZiTjndC3G7A==/109951163020533310.jpg,http://p4.music.126.net/ZBNKRP7sIlNAs0GHzkB6Yw==/109951163020538591.jpg,http://p4.music.126.net/cKRDf9nSXOKEI4f83Yiftg==/109951163020533313.jpg,http://p4.music.126.net/3oXHfPXWk22N1qrji_vJzg==/109951163020531892.jpg,http://p4.music.126.net/VICWYS7jI8wGYRRoL0kDvg==/109951163020537644.jpg,http://p3.music.126.net/Ge4-hLF2VcS3pTBlrkHsgg==/109951163020539036.jpg,http://p3.music.126.net/AnIvBNPY0CBAS_5lnWyWWw==/109951163020532370.jpg, gname=铁三角 LS400iS 四单元手机线控带麦 入耳式耳机, gintroduce=四单元平衡电枢耳塞，给双耳现场般的逼真感受，发现声音之美, gcolorid=null, category1=101000, category2=1005000, gbrand=铁三角, gprice=3288.0, ggrade=null, gcount=10, gmaterial=null, hot=1]
Goods [gid=6601089, zpicture=http://p3.music.126.net/pA2Qq3NlrVuPQUb7OjWzqQ==/109951163020534614.jpg, gpicture=http://p3.music.126.net/pA2Qq3NlrVuPQUb7OjWzqQ==/109951163020534614.jpg,http://p3.music.126.net/c2YnT_D8Db581ge-FfkJpA==/109951163020530788.jpg,http://p3.music.126.net/C1fV4E4xj4XIOgMdtdFVpw==/109951163020527931.jpg,http://p3.music.126.net/8jp-os62DwE-vw2sZENs5Q==/109951163020535066.jpg,http://p3.music.126.net/2OLWqRJD_gXqYjIHsqhuYQ==/109951163020526939.jpg, gname=铁三角 LS200is 两重驱动单元 入耳式耳机, gintroduce=两重平衡，电枢耳塞。采用音域驱动单元&amp;搭配双层驱动设计。, gcolorid=null, category1=101000, category2=1005000, gbrand=铁三角, gprice=1780.0, ggrade=null, gcount=9, gmaterial=null, hot=0]
Goods [gid=6605072, zpicture=http://p4.music.126.net/EBEe5xuefPeCDLRhVBz63g==/18953381439905830.jpg, gpicture=http://p4.music.126.net/EBEe5xuefPeCDLRhVBz63g==/18953381439905830.jpg,http://p4.music.126.net/5KxBzjLVkQstZxexuHPbVA==/109951163023563129.jpg,http://p3.music.126.net/nimX6fUOoQdvNvkg2iCEGw==/109951163023566071.jpg,http://p4.music.126.net/bAg45_xmSK_7Fr7ZuMEC8w==/109951163023564604.jpg, gname=【熊猫眼乐队】联名款玻璃杯, gintroduce=音乐人正版周边, gcolorid=null, category1=1008002, category2=1009002, gbrand=MAGICBUS, gprice=78.0, ggrade=null, gcount=32, gmaterial=null, hot=20]
Goods [gid=6606077, zpicture=http://p3.music.126.net/naMFk4OQgI0dm5_E-B8u1w==/18708190348650710.jpg, gpicture=http://p3.music.126.net/naMFk4OQgI0dm5_E-B8u1w==/18708190348650710.jpg,http://p3.music.126.net/qfC5536fmWLNqf1C-5mOiA==/109951163023562531.jpg,http://p4.music.126.net/gHS4XsXNWcDbN5-Ys5M8xA==/109951163023554848.jpg,http://p3.music.126.net/y099ioZXJzdOTjkk1ptsAw==/109951163023556465.jpg, gname=【黑薄荷乐队】联名款玻璃杯, gintroduce=音乐人正版周边, gcolorid=null, category1=1008002, category2=1009002, gbrand=MAGICBUS, gprice=78.0, ggrade=null, gcount=21, gmaterial=null, hot=4]
Goods [gid=6626052, zpicture=http://p4.music.126.net/ZeOE_jdN0thOWyzkcdHpig==/109951163031978664.jpg, gpicture=http://p4.music.126.net/ZeOE_jdN0thOWyzkcdHpig==/109951163031978664.jpg,http://p4.music.126.net/L5rfjoDwG_7LxL2I97Jrrw==/109951163031977713.jpg,http://p4.music.126.net/bcAbEFcFG9xd0_ZtNAAQWA==/109951163031974822.jpg, gname=铁三角 ATH-C999 平头耳塞式耳机 重低音 高解析, gintroduce=炫酷外观；平头耳塞式设计，佩戴舒适, gcolorid=null, category1=101000, category2=1005000, gbrand=铁三角, gprice=199.0, ggrade=null, gcount=27, gmaterial=null, hot=0]
Goods [gid=6628051, zpicture=http://p4.music.126.net/EdLEen3OmEyaefC6grY6Iw==/109951163031969484.jpg, gpicture=http://p4.music.126.net/EdLEen3OmEyaefC6grY6Iw==/109951163031969484.jpg,http://p4.music.126.net/bDzSUML0YWI-_Un_unguIg==/109951163031974717.jpg,http://p3.music.126.net/uqlD6GPi-F9JGPuY_a5a9w==/109951163031980034.jpg, gname=铁三角 ATH-C555 通用耳塞式耳机 , gintroduce=平头耳塞设计，佩戴舒适；出街通勤良品, gcolorid=null, category1=101000, category2=1005000, gbrand=铁三角, gprice=109.0, ggrade=null, gcount=23, gmaterial=null, hot=3]
Goods [gid=6628052, zpicture=http://p3.music.126.net/vZlXCld4oDucYX0h1F2w8Q==/109951163031975766.jpg, gpicture=http://p3.music.126.net/vZlXCld4oDucYX0h1F2w8Q==/109951163031975766.jpg,http://p3.music.126.net/kLkIL_STzRPLzrh4XeHKLQ==/109951163031979584.jpg,http://p3.music.126.net/qutte5qmFn2v-HiNqNX6QQ==/109951163031973903.jpg, gname=铁三角 ATH-C777 耳塞式手机通用耳机, gintroduce=优化耳塞设计，佩戴更舒适, gcolorid=null, category1=101000, category2=1005000, gbrand=铁三角, gprice=159.0, ggrade=null, gcount=56, gmaterial=null, hot=0]
Goods [gid=6663057, zpicture=http://p4.music.126.net/hsb-9mJwrr2WI34qJYdyTg==/109951163422474231.jpg, gpicture=http://p4.music.126.net/hsb-9mJwrr2WI34qJYdyTg==/109951163422474231.jpg,http://p4.music.126.net/OfFAQcDVfZdA4Vds0g4ewQ==/109951163422474238.jpg,http://p3.music.126.net/eQtg10c9Yt5vq7DtjJTXUQ==/109951163422470782.jpg,http://p4.music.126.net/utCHAr8oQ2zBF9bovttxTg==/109951163422477049.jpg,http://p4.music.126.net/ipfehLql38VsI2cOrUkRnA==/109951163422478544.jpg, gname=漫步者（EDIFIER）H293P Plus 入耳式手机耳机 立体声耳塞, gintroduce=车刀纹时尚工艺；精心调校音质；线控带麦可通话；面条线，美观耐用, gcolorid=null, category1=101000, category2=1005000, gbrand=漫步者（EDIFIER）, gprice=119.0, ggrade=null, gcount=188, gmaterial=null, hot=1]
Goods [gid=6668059, zpicture=http://p3.music.126.net/9t2pqgWhgYZMW9npcsqokQ==/18803847860377879.jpg, gpicture=http://p3.music.126.net/9t2pqgWhgYZMW9npcsqokQ==/18803847860377879.jpg,http://p3.music.126.net/COQHOtNW0HR1r1q7EaKoSA==/19233756905197146.jpg,http://p4.music.126.net/42uBWtRG_fl_00861Fgr9g==/18913799021519382.jpg, gname=干物妹!小埋 惬意时光动态读数防水手表, gintroduce=, gcolorid=null, category1=1008002, category2=1010004, gbrand=干物妹!小埋, gprice=108.0, ggrade=null, gcount=59, gmaterial=null, hot=2]
Goods [gid=6669057, zpicture=http://p4.music.126.net/dEvxCKgeJUTX-q-XMxTBoA==/109951163040548821.jpg, gpicture=http://p4.music.126.net/dEvxCKgeJUTX-q-XMxTBoA==/109951163040548821.jpg,http://p3.music.126.net/V9q_ozRKpfHAnh5L38OMIQ==/109951163040555089.jpg,http://p3.music.126.net/_PPRBuV0ieXv1HSob5JXxQ==/109951163040552841.jpg,http://p4.music.126.net/QacOFeFL1aMC2CJbBGxQ6A==/109951163040552847.jpg,http://p4.music.126.net/x456JUglhyS6UVg4UHHqqA==/109951163040557042.jpg,http://p3.music.126.net/CnSHFCIgfYTtYZB1w6NQHQ==/109951163040546415.jpg, gname=漫步者（EDIFIER）M80 蓝牙便携音箱, gintroduce=5.5W连续不失真功率；蓝牙4.1，连接更稳定；续航更久, gcolorid=null, category1=101000, category2=1009006, gbrand=漫步者（EDIFIER）, gprice=149.0, ggrade=null, gcount=13, gmaterial=null, hot=0]
Goods [gid=6785068, zpicture=http://p4.music.126.net/tpw5c8MheTrdFX-s_q8slA==/109951163053053639.jpg, gpicture=http://p4.music.126.net/tpw5c8MheTrdFX-s_q8slA==/109951163053053639.jpg,http://p4.music.126.net/ehIdd3rVVB2UKIyKVb06HQ==/109951163053057610.jpg,http://p4.music.126.net/pG6Z8qniz3CG1ZU3o80wJA==/109951163053055246.jpg,http://p3.music.126.net/6pID1d1ceRZSNKhMcAEb-g==/109951163053054736.jpg,http://p4.music.126.net/abmVNpITHdNqGgDkErSpDw==/109951163053052905.jpg,http://p4.music.126.net/eOmd1CbhedTubB1zZCefKQ==/109951163053053391.jpg,http://p3.music.126.net/ASLVZyESXNvW3ER5N5S0zw==/109951163053050494.jpg,http://p3.music.126.net/3QcjDubOeoiU_esaO-Uw3w==/109951163053054794.jpg, gname=JBL Reflect Contour无线蓝牙运动耳机, gintroduce=耳挂式 轻量化机身 防水防汗 反光线材 双锁设计, gcolorid=null, category1=101000, category2=1005000, gbrand=JBL, gprice=699.0, ggrade=null, gcount=5, gmaterial=null, hot=0]
Goods [gid=6787067, zpicture=http://p3.music.126.net/vMrnjZaB-nal_GCS5n_EJg==/109951163053074094.jpg, gpicture=http://p3.music.126.net/vMrnjZaB-nal_GCS5n_EJg==/109951163053074094.jpg,http://p4.music.126.net/Hipj2dIw84REjiGcAbaZvA==/109951163398717209.jpg,http://p3.music.126.net/Qd05RFvlVp7Zn7yuzmouEQ==/109951163398718641.jpg, gname=JBL Reflect BT, gintroduce=JBL Reflect BT 专业运动无线蓝牙耳机 入耳式耳机 手机线控 反光线 防脱落, gcolorid=null, category1=101000, category2=1005000, gbrand=JBL, gprice=599.0, ggrade=null, gcount=7, gmaterial=null, hot=0]
Goods [gid=6789060, zpicture=http://p4.music.126.net/I820hCJCj0qI9R1h_waCYA==/109951163053066512.jpg, gpicture=http://p4.music.126.net/I820hCJCj0qI9R1h_waCYA==/109951163053066512.jpg,http://p3.music.126.net/Hx8YXnNjpV-vJv2VNcP70A==/109951163053060754.jpg,http://p4.music.126.net/VIX8Q-w6FGOCyCB0Ga6NtQ==/109951163053062223.jpg,http://p3.music.126.net/CK8T6NOl1GOsan5SorKQ7Q==/109951163053065533.jpg,http://p4.music.126.net/eeSxNRjjF9ChzM6kdczrcg==/109951163053060756.jpg, gname=JBL Reflect AWARE 数字降噪运动耳机 , gintroduce=Lightning接口 专业降噪 苹果专用 反光线材, gcolorid=null, category1=101000, category2=1005000, gbrand=JBL, gprice=1499.0, ggrade=null, gcount=1, gmaterial=null, hot=0]
Goods [gid=6802055, zpicture=http://p3.music.126.net/pU5bWggkKJUuJDc3J9LWMw==/109951163054079091.jpg, gpicture=http://p3.music.126.net/pU5bWggkKJUuJDc3J9LWMw==/109951163054079091.jpg,http://p3.music.126.net/D1e-qJpBaiQ3faUdNjkF6w==/109951163054079605.jpg,http://p4.music.126.net/tu_QXLK2V1u5T-IH7_iChg==/109951163054075776.jpg,http://p3.music.126.net/sHglmqwu4mm2_m_TQAUUmg==/109951163054082019.jpg,http://p3.music.126.net/cMJsvGXlT7KUUDUIbomhXQ==/109951163054073903.jpg,http://p4.music.126.net/JIF7OIioSLeHGVPyW2WQvQ==/109951163054082524.jpg,http://p3.music.126.net/0XL2zqmTH_5t8WOGK2ZdXw==/109951163054072915.jpg,http://p4.music.126.net/kFr4jw_wZzBb1jTZMayqJw==/109951163054082529.jpg, gname=魔声 N-LITE 能极, gintroduce=, gcolorid=null, category1=101000, category2=1005000, gbrand=魔声, gprice=499.0, ggrade=null, gcount=2, gmaterial=null, hot=1]
Goods [gid=7524002, zpicture=http://p3.music.126.net/nW4WIvKMe2ZdvxexneU4PA==/109951163059661973.jpg, gpicture=http://p3.music.126.net/nW4WIvKMe2ZdvxexneU4PA==/109951163059661973.jpg,http://p3.music.126.net/8ndGZZPC0Y2Y7C_rOHpPnQ==/109951163059662916.jpg,http://p3.music.126.net/TwO3MRAYSU7uwfldNKhYhg==/109951163059669052.jpg,http://p3.music.126.net/e2VOX7Xt5jj1_E7y0t5iAA==/109951163059661466.jpg,http://p4.music.126.net/_44DAb5WMjr2PTlzFRSE2Q==/109951163059662444.jpg, gname=铁三角 ATH-AR5BT 无线蓝牙 可折叠头戴式耳机, gintroduce=忠于原音，高音质声响；可折叠式设计，轻松携带, gcolorid=null, category1=101000, category2=1005000, gbrand=铁三角, gprice=1498.0, ggrade=null, gcount=24, gmaterial=null, hot=0]
Goods [gid=7526003, zpicture=http://p4.music.126.net/zJKCt2UbFYbpXtrd8mRSkw==/109951163059659332.jpg, gpicture=http://p4.music.126.net/zJKCt2UbFYbpXtrd8mRSkw==/109951163059659332.jpg,http://p4.music.126.net/pzoFYSH16ubH3F4aHYQxiA==/109951163059662703.jpg,http://p4.music.126.net/0nnsrY7kjPFCLVNrUmM7vw==/109951163059663646.jpg,http://p4.music.126.net/F336z1YHfxwDjf9Xe3fKvg==/109951163059660329.jpg,http://p4.music.126.net/IHqVQwSed93mLf_6xiAsEA==/109951163059663670.jpg, gname=铁三角 ATH-AR3BT 无线蓝牙 头戴式手机耳机, gintroduce=饱满音质，丰富的聆听体验；摆脱线缚，自由享乐’, gcolorid=null, category1=101000, category2=1005000, gbrand=铁三角, gprice=798.0, ggrade=null, gcount=32, gmaterial=null, hot=0]
Goods [gid=7527003, zpicture=http://p3.music.126.net/k0ioUNMWHL7zCiy9o_lPJw==/109951163059799349.jpg, gpicture=http://p3.music.126.net/k0ioUNMWHL7zCiy9o_lPJw==/109951163059799349.jpg,http://p4.music.126.net/C576Y0mbhaRsDtpnDTunmw==/109951163059802757.jpg,http://p4.music.126.net/HzXOTNyTKZhAh7XgHwrCQg==/109951163059796437.jpg,http://p3.music.126.net/UAXg7vaiUHfhPC4XBJy9Bw==/109951163059796941.jpg,http://p3.music.126.net/CqYjWi0kG3r3akCUFZVpOQ==/109951163059804162.jpg, gname=铁三角 ATH-DSR7BT 无线蓝牙头戴式耳机, gintroduce=纯数字驱动，聆听本色, gcolorid=null, category1=101000, category2=1005000, gbrand=铁三角, gprice=2480.0, ggrade=null, gcount=10, gmaterial=null, hot=0]
Goods [gid=7528003, zpicture=http://p4.music.126.net/39Zto6A95C5-bSOGew-UZA==/109951163059803812.jpg, gpicture=http://p4.music.126.net/39Zto6A95C5-bSOGew-UZA==/109951163059803812.jpg,http://p4.music.126.net/KiZn8Ly-lknd0z9T2gMZ_g==/109951163059806612.jpg,http://p4.music.126.net/N847pDfLQpIhfRF9172o9g==/109951163059803824.jpg,http://p3.music.126.net/KuQoi3JYQU7exnldE82Agg==/109951163059801907.jpg,http://p3.music.126.net/0FM9WKDPCSngaeB0aS5rLg==/109951163059802954.jpg,http://p3.music.126.net/GtQcTDTbI7Grinjev8lvbw==/109951163059802957.jpg, gname=铁三角 ATH-DSR9BT 无线蓝牙头戴式耳机, gintroduce=全数字驱动蓝牙耳机；高解析单元, gcolorid=null, category1=101000, category2=1005000, gbrand=铁三角, gprice=4180.0, ggrade=null, gcount=9, gmaterial=null, hot=0]
Goods [gid=7533010, zpicture=http://p3.music.126.net/FRJqUurEFbaMw23NdETSrw==/109951163063776001.jpg, gpicture=http://p3.music.126.net/FRJqUurEFbaMw23NdETSrw==/109951163063776001.jpg,http://p4.music.126.net/xH4GtA4sgJbdHXC39XQB9A==/109951163063771755.jpg, gname=Happy Plugs Earbud Plus 增强版 瑞典时尚色彩 耳塞式耳机, gintroduce=缤纷色彩，个性张扬；瑞典潮牌；时尚潮礼；潮流配饰, gcolorid=null, category1=101000, category2=1005000, gbrand=Happy Plugs, gprice=169.0, ggrade=null, gcount=6, gmaterial=null, hot=0]
Goods [gid=7534002, zpicture=http://p3.music.126.net/3g_-gWFcGQuZZoj72eIYzA==/109951163059813106.jpg, gpicture=http://p3.music.126.net/3g_-gWFcGQuZZoj72eIYzA==/109951163059813106.jpg,http://p3.music.126.net/lH9CEsVuBMU9JWZ9W83Cow==/109951163059808331.jpg,http://p3.music.126.net/yDsBUWk5P9ptPahPabsXog==/109951163059812170.jpg, gname=铁三角 ATH-SR9 便携式HIFI头戴耳机 银色, gintroduce=高解析便携；专用接头端子，出众聆听, gcolorid=null, category1=101000, category2=1005000, gbrand=铁三角, gprice=3680.0, ggrade=null, gcount=10, gmaterial=null, hot=0]
Goods [gid=7535002, zpicture=http://p3.music.126.net/k8F8_Ny4JeQBnb4avm-jpQ==/109951163059662588.jpg, gpicture=http://p3.music.126.net/k8F8_Ny4JeQBnb4avm-jpQ==/109951163059662588.jpg,http://p4.music.126.net/3p2HRYqcgLlqpd0KpMRrJw==/109951163059657743.jpg,http://p3.music.126.net/cKoCr2g4hjSCvhN5-kpycA==/109951163059655423.jpg,http://p3.music.126.net/D6CMuC8nFlHzRxTgdXpt6w==/109951163059659736.jpg,http://p3.music.126.net/-nckvUmnVMWRj2tsKbnMZw==/109951163059661640.jpg, gname=铁三角 ATH-AR3iS 线控带麦 可折叠 时尚头戴式耳机, gintroduce=丰富鲜明，高音质声响；可折叠式设计, gcolorid=null, category1=101000, category2=1005000, gbrand=铁三角, gprice=449.0, ggrade=null, gcount=16, gmaterial=null, hot=0]
Goods [gid=7539001, zpicture=http://p3.music.126.net/5OqN1iR5FMDKTxiwsU9EDw==/109951163059667570.jpg, gpicture=http://p3.music.126.net/5OqN1iR5FMDKTxiwsU9EDw==/109951163059667570.jpg,http://p4.music.126.net/SQTsXNph2fHPfqGt3lKPmg==/109951163059663305.jpg,http://p4.music.126.net/uJ-OP29fa7UnpIamoLpsdw==/109951163059657963.jpg,http://p4.music.126.net/eMknmVB-JsdbSj4sSV8vJg==/109951163059662334.jpg,http://p4.music.126.net/EXzlioJDoMVNIWW9uy7HaA==/109951163059664716.jpg,http://p3.music.126.net/na_pCB-mk3xOE0Vleci8Cw==/109951163059663318.jpg, gname=铁三角 ATH-AR5iS 线控带麦 可折叠 高保真头戴式耳机, gintroduce=高解析音质，忠于原音；可折叠式设计, gcolorid=null, category1=101000, category2=1005000, gbrand=铁三角, gprice=998.0, ggrade=null, gcount=86, gmaterial=null, hot=0]
Goods [gid=7540001, zpicture=http://p3.music.126.net/3qJufz0asZksYcCJL31QWw==/109951163059653886.jpg, gpicture=http://p3.music.126.net/3qJufz0asZksYcCJL31QWw==/109951163059653886.jpg,http://p4.music.126.net/E20OwtwnFY1QDWQ2sXRc1A==/109951163059653412.jpg,http://p3.music.126.net/9ilX0J4TMz0Pv59efN_ArA==/109951163059660588.jpg,http://p3.music.126.net/tsXB1PjSEKuIDUYjmHpFSg==/109951163059655844.jpg, gname=铁三角 ATH-AR1iS 线控带麦 可折叠 头戴式耳机, gintroduce=音效强而有力；可折叠式设计, gcolorid=null, category1=101000, category2=1005000, gbrand=铁三角, gprice=296.0, ggrade=null, gcount=71, gmaterial=null, hot=0]
Goods [gid=7651000, zpicture=http://p4.music.126.net/vH3lS6Cg3sov_529h_xJlw==/109951163069127711.jpg, gpicture=http://p4.music.126.net/vH3lS6Cg3sov_529h_xJlw==/109951163069127711.jpg,http://p3.music.126.net/lozF_2rDt5HWD3fENjG2Ow==/109951163069127258.jpg,http://p3.music.126.net/E7lLXsipeS4u4dAvxU6_fA==/109951163069125731.jpg,http://p3.music.126.net/Y7-YJcUk5W3TDlgrt28ynQ==/109951163069131064.jpg,http://p4.music.126.net/B3Muw8DuQ_5BXf6rJTvhfA==/109951163069123878.jpg,http://p3.music.126.net/FU9LMuafvm10WSKpGIBjog==/109951163069124366.jpg, gname=EROS HIFI播放器K aigo爱国者出品 HIFI无损音乐播放器 MP3便携播放器, gintroduce=赠送16G内存卡！！
蓝牙双向传输 DSD 独立耳放 多色可选, gcolorid=null, category1=101000, category2=1006000, gbrand=爱国者（aigo）, gprice=899.0, ggrade=null, gcount=28, gmaterial=null, hot=0]
Goods [gid=7663000, zpicture=http://p3.music.126.net/lSYWC3JXtMQrERR4U-Ss5Q==/109951163069162738.jpg, gpicture=http://p3.music.126.net/lSYWC3JXtMQrERR4U-Ss5Q==/109951163069162738.jpg,http://p4.music.126.net/h3ulEzzu2rfTmacHFsJZUg==/109951163069163700.jpg,http://p4.music.126.net/ALWB860phQJ81K3snjIohw==/109951163069163225.jpg,http://p4.music.126.net/UcuH5deU-plO30i2k9-XoQ==/109951163069165165.jpg,http://p4.music.126.net/FBUdGPHpFop7BaIuUbS7mg==/109951163069162741.jpg, gname=爱国者（aigo） A691动铁圈铁手机耳机入耳式高清降噪带麦线控耳塞式, gintroduce=动铁与圈铁结合 全面降噪 苹果安卓通用, gcolorid=null, category1=101000, category2=1005000, gbrand=爱国者（aigo）, gprice=299.0, ggrade=null, gcount=5, gmaterial=null, hot=0]
Goods [gid=7669001, zpicture=http://p3.music.126.net/jpxnmey8r7BR5UPShu866w==/109951163069259062.jpg, gpicture=http://p3.music.126.net/jpxnmey8r7BR5UPShu866w==/109951163069259062.jpg,http://p3.music.126.net/e8KoFlfsc5WCQKn3RYj3Xw==/109951163069252841.jpg,http://p3.music.126.net/yWQoiXcVUizJpe9KmdQeng==/109951163069259533.jpg,http://p3.music.126.net/Rj-6cmKBBDVrkU7GUn-A4Q==/109951163069257153.jpg,http://p4.music.126.net/CheMT8n11-C-NdXqltih0g==/109951163069250396.jpg,http://p3.music.126.net/LRXEIAoucsIV9VJ8GlAhPQ==/109951163069257623.jpg, gname=爱国者（aigo）EROS 10蓝牙运动mp3无损音乐播放器hifi发烧dsd迷你随身听, gintroduce=拉轰火柴盒 可拆卸背夹 大约60克, gcolorid=null, category1=101000, category2=1006000, gbrand=爱国者（aigo）, gprice=499.0, ggrade=null, gcount=10, gmaterial=null, hot=0]
Goods [gid=7671007, zpicture=http://p4.music.126.net/ONC4LNzEKd70pRV85TmUiA==/109951163071245652.jpg, gpicture=http://p4.music.126.net/ONC4LNzEKd70pRV85TmUiA==/109951163071245652.jpg,http://p3.music.126.net/B_S5jnQglVpZO3avm73lZQ==/109951163071240829.jpg,http://p4.music.126.net/5tI8iNEe441G1BHYzl9gSg==/109951163071239388.jpg,http://p4.music.126.net/ovpARs9xIQgnMdwUCzI2Xw==/109951163071246144.jpg,http://p4.music.126.net/sNo_TLbEZb3CbAZnXEXvBw==/109951163071242801.jpg,http://p3.music.126.net/UkCZR-XDfdOqPrJ5PhKXog==/18568552372067744.jpg,http://p4.music.126.net/RZNQFYB2vqAMkd-i7mUXTA==/109951164271313870.jpg,http://p4.music.126.net/fAfTfRR1npyPpHz_yWLU4A==/109951164271323064.jpg, gname=skullcandy Smokin Buds 2骷髅头入耳式重低音耳机塞线控男女通用, gintroduce=美国经典骷髅头离心轴重低音隔音耳机, gcolorid=null, category1=101000, category2=1005000, gbrand=骷髅头（skullcandy）, gprice=229.0, ggrade=null, gcount=162, gmaterial=null, hot=1]
Goods [gid=7676004, zpicture=http://p3.music.126.net/lbBsfsHq4xeJH-Xe1m7TcQ==/109951163071993794.jpg, gpicture=http://p3.music.126.net/lbBsfsHq4xeJH-Xe1m7TcQ==/109951163071993794.jpg,http://p4.music.126.net/bmtg_0N6Y2Ag7ZsS3_1sFw==/109951163072000011.jpg,http://p4.music.126.net/OzfW81W1gM6dWpUiXNWuMA==/109951163071993788.jpg,http://p3.music.126.net/5MkuhupHq-fWsaDdOLID3A==/109951163071987494.jpg,http://p3.music.126.net/0TNKxl5R9EDW3CWG4tl1qg==/109951163071991892.jpg,http://p4.music.126.net/uscv-gzHXr2DbcrXvDdEeA==/109951163071993790.jpg, gname=skullcandy Ink'd Wireless 骷髅头入耳式无线蓝牙耳机塞男女通用, gintroduce=骷髅头柔韧可收纳便携无线蓝牙耳机, gcolorid=null, category1=101000, category2=1005000, gbrand=骷髅头（skullcandy）, gprice=399.0, ggrade=null, gcount=6, gmaterial=null, hot=1]
Goods [gid=7677006, zpicture=http://p3.music.126.net/nO0AzwSiJf0wtl0_Jh7zSg==/109951163073329442.jpg, gpicture=http://p3.music.126.net/nO0AzwSiJf0wtl0_Jh7zSg==/109951163073329442.jpg,http://p4.music.126.net/oY0Dkf5I1s2ooAgjds-9GQ==/109951163073332689.jpg,http://p4.music.126.net/cK1srMURWXgdBWSigbkNSw==/109951163073328949.jpg, gname=SONY/索尼 MDR-XB55AP 入耳式重低音耳机 手机通话带麦, gintroduce=强劲重低音 颜值担当 品牌工艺 质感更好, gcolorid=null, category1=101000, category2=1005000, gbrand=索尼(SONY), gprice=209.0, ggrade=null, gcount=244, gmaterial=null, hot=4]
Goods [gid=7680004, zpicture=http://p4.music.126.net/kG_bw5YK5dJS967TmC_TQw==/109951163072664307.jpg, gpicture=http://p4.music.126.net/kG_bw5YK5dJS967TmC_TQw==/109951163072664307.jpg,http://p4.music.126.net/BzYNVDkaOe0st5gqqSXJdQ==/109951163073326837.jpg,http://p4.music.126.net/48JmOwWBicxZIzJms6qt3g==/109951163073325902.jpg,http://p4.music.126.net/z6154Sn9U9j2SPbZB5WW7A==/109951163136279677.jpg, gname=SONY/索尼 MDR-EX15LP 入耳式重低音耳机 手机电脑音乐, gintroduce=小巧精致 更便携 更有范儿 高颜值实惠价, gcolorid=null, category1=101000, category2=1005000, gbrand=索尼(SONY), gprice=59.0, ggrade=null, gcount=169, gmaterial=null, hot=3]
Goods [gid=7682006, zpicture=http://p3.music.126.net/Z9gqWFbLJImWoj50FJrvzw==/109951163072674556.jpg, gpicture=http://p3.music.126.net/Z9gqWFbLJImWoj50FJrvzw==/109951163072674556.jpg,http://p3.music.126.net/2WeAUPYdJuIAXaox9qmTHA==/109951163072669733.jpg,http://p4.music.126.net/ypzhFRUNCYVudnyBdoWQ3w==/109951163072671648.jpg,http://p3.music.126.net/JuOGYr09xc5Ffg9YFeaBFg==/109951163072668330.jpg, gname=SONY/索尼 MDR-EX15AP 入耳式重低音耳机 手机通话带麦, gintroduce=小巧精致 手机的音乐伴侣 可线控通话, gcolorid=null, category1=101000, category2=1005000, gbrand=索尼（SONY）, gprice=89.0, ggrade=null, gcount=526, gmaterial=null, hot=1]
Goods [gid=7687004, zpicture=http://p3.music.126.net/hlCLPxr4g8eBnUf863Tlbg==/109951163072590539.jpg, gpicture=http://p3.music.126.net/hlCLPxr4g8eBnUf863Tlbg==/109951163072590539.jpg,http://p3.music.126.net/2D015MJaX8qwr7e0r8yB_g==/109951163072586792.jpg, gname=skullcandy Crusher Wireless 无线蓝牙重低音立体声震动头戴耳机, gintroduce=震动式体感低音 重低音, gcolorid=null, category1=101000, category2=1005000, gbrand=骷髅头（skullcandy）, gprice=1099.0, ggrade=null, gcount=4, gmaterial=null, hot=0]
Goods [gid=7689000, zpicture=http://p3.music.126.net/eQ0G2YPEnzzS1avgbU1zLQ==/109951163072022702.jpg, gpicture=http://p3.music.126.net/eQ0G2YPEnzzS1avgbU1zLQ==/109951163072022702.jpg,http://p3.music.126.net/VHl3iDERW6dhCFsF92rMRA==/109951163072024160.jpg,http://p4.music.126.net/UwioO6gwwAvcwET0_ctjug==/109951163072018297.jpg,http://p4.music.126.net/3jIaYUICb6iL3GK6phdCBg==/109951163072017848.jpg, gname=skullcandy method wireless骷髅头入耳式无线蓝牙运动跑步耳机塞, gintroduce=骷髅头入耳式无线蓝牙运动防掉耳机, gcolorid=null, category1=101000, category2=1005000, gbrand=骷髅头（skullcandy）, gprice=449.0, ggrade=null, gcount=25, gmaterial=null, hot=0]
Goods [gid=7690001, zpicture=http://p4.music.126.net/88IlEQjtjjVFFnyw2hzABw==/109951163620296730.jpg, gpicture=http://p4.music.126.net/88IlEQjtjjVFFnyw2hzABw==/109951163620296730.jpg,http://p4.music.126.net/NviRcUuTNWeXHAp11bMCwQ==/109951163620296732.jpg,http://p3.music.126.net/n31gFnMVsAsjEn6KlOEvvQ==/109951163620305524.jpg,http://p3.music.126.net/uBzThkgot0JYSJTznIygqw==/109951163620294795.jpg,http://p4.music.126.net/AH3HXnoJXJOgw-v-r1QCmg==/109951163620301630.jpg,http://p4.music.126.net/mj_F6midv5JPzc-enK1yCQ==/109951163620296735.jpg,http://p3.music.126.net/iLkuqbpMJEKNptxluxNqkQ==/109951163620305023.jpg,http://p3.music.126.net/cZFMezsz-Igu8COcIWceUQ==/109951163620291988.jpg, gname=Beats Studio3 Wireless 录音师无线3代 蓝牙无线 头戴式降噪耳机, gintroduce=采用Apple W1 芯片；完全自适应消噪；快速充电技术；, gcolorid=null, category1=101000, category2=1005000, gbrand=Beats, gprice=2789.0, ggrade=null, gcount=64, gmaterial=null, hot=2]
Goods [gid=7691002, zpicture=http://p3.music.126.net/MymoqtTGk720UL7vnKNrwQ==/109951163078935500.jpg, gpicture=http://p3.music.126.net/MymoqtTGk720UL7vnKNrwQ==/109951163078935500.jpg,http://p3.music.126.net/KqevY_LtvcgH420MtVYlbA==/109951163078932650.jpg,http://p4.music.126.net/Es3Ya1Ij_9wKlICm4b1EsQ==/109951163078928974.jpg,http://p3.music.126.net/PyDTNEv3yDq11Ucglmrqcg==/109951163078933113.jpg, gname=SONY/索尼 MDR-ZX310 头戴式重低音音乐耳机, gintroduce=轻便出行 丢掉重负 彰显气质 颜值高, gcolorid=null, category1=101000, category2=1005000, gbrand=索尼（SONY）, gprice=199.0, ggrade=null, gcount=10, gmaterial=null, hot=0]
Goods [gid=7695000, zpicture=http://p3.music.126.net/QGi634HwXKnsceCq4UDZWw==/109951163073386340.jpg, gpicture=http://p3.music.126.net/QGi634HwXKnsceCq4UDZWw==/109951163073386340.jpg,http://p3.music.126.net/mrBNSFpzjgda4BOoBptYMg==/109951163073385863.jpg,http://p4.music.126.net/JsDbtgkGaTAGPxC5Sk5ztg==/109951163073386866.jpg, gname=SONY/索尼 MDR-ZX110AP 头戴式重低音耳机 手机通话折叠电脑耳麦, gintroduce=轻便出行 丢掉重负 彰显气质 颜值高, gcolorid=null, category1=101000, category2=1005000, gbrand=索尼（SONY）, gprice=148.0, ggrade=null, gcount=187, gmaterial=null, hot=0]
Goods [gid=7697002, zpicture=http://p3.music.126.net/b2B5IpkSayPBHMCMwCjb5A==/109951163073390956.jpg, gpicture=http://p3.music.126.net/b2B5IpkSayPBHMCMwCjb5A==/109951163073390956.jpg,http://p3.music.126.net/sfdeIcmUHdn6slJjTmdrNQ==/109951163073392848.jpg,http://p3.music.126.net/zledrMsFnU4JXRrqblBtKA==/109951163073397145.jpg,http://p4.music.126.net/cfbkA4tmSJUOTMAlw-eUYQ==/109951163073393794.jpg,http://p3.music.126.net/rgON_4QcSsMTjKLnICDqEQ==/109951163073390429.jpg, gname=SONY/索尼 NW-WS414 MP3播放器运动跑步水下游泳耳机一体式防水, gintroduce=跑步游泳健身 一举三得 MP3耳机一体式, gcolorid=null, category1=101000, category2=1006000, gbrand=索尼（SONY）, gprice=579.0, ggrade=null, gcount=198, gmaterial=null, hot=29]
Goods [gid=7701000, zpicture=http://p3.music.126.net/d7_aqBHRZ1JPnIRPlcugdQ==/109951163073398016.jpg, gpicture=http://p3.music.126.net/d7_aqBHRZ1JPnIRPlcugdQ==/109951163073398016.jpg,http://p3.music.126.net/nBSRrGslefAAa4dIYFJ0NQ==/109951163073391310.jpg,http://p4.music.126.net/-8rjM89OL9SJZXfTs2OEow==/109951163073394173.jpg,http://p4.music.126.net/jY-v0vbBb3RfDAdsR1Pzhg==/109951163073388912.jpg,http://p3.music.126.net/GF-7Bsi5Bs0DfVayAWZkdQ==/109951163073391320.jpg, gname=SONY/索尼 NW-WS413 头戴式MP3播放器运动跑步水下游泳防水耳机, gintroduce=跑步游泳健身 一举三得 内置4G内存, gcolorid=null, category1=101000, category2=1006000, gbrand=索尼（SONY）, gprice=559.0, ggrade=null, gcount=145, gmaterial=null, hot=0]
Goods [gid=7718007, zpicture=http://p3.music.126.net/5S-VddoOBRfuFLwYMSfiOw==/109951163622142582.jpg, gpicture=http://p3.music.126.net/5S-VddoOBRfuFLwYMSfiOw==/109951163622142582.jpg,http://p4.music.126.net/C5Pq364ZcpptdeUsn6rYJQ==/109951163622132875.jpg,http://p4.music.126.net/ZgMmifikopQUF5PIOxO6uQ==/109951163622134394.jpg,http://p4.music.126.net/p2UhpUq30Oycat3cAdG0GQ==/109951163622138686.jpg,http://p4.music.126.net/4KQQPSb5nETMSBDhHsf4qQ==/109951163622139179.jpg,http://p3.music.126.net/9a_gJzrKi86c9YrdMsOsyw==/109951163622133881.jpg,http://p3.music.126.net/wqymPRWNi0bXbe0_FOF_3g==/109951163622142070.jpg,http://p3.music.126.net/nGLTuP5ozZ-QZfyaNEcm4A==/109951163622143508.jpg, gname=Beats urBeats3 入耳式耳机 线控带麦, gintroduce=亲，下单注意区分3.5mm插头和Lightning插头哦~~精湛声学设计；磁吸耳塞，更方便随身携带, gcolorid=null, category1=101000, category2=1005000, gbrand=Beats, gprice=486.0, ggrade=null, gcount=51, gmaterial=null, hot=0]
Goods [gid=7759002, zpicture=http://p3.music.126.net/1gUF1SIbV0bHG3Lmq7s4sg==/109951163078448834.jpg, gpicture=http://p3.music.126.net/1gUF1SIbV0bHG3Lmq7s4sg==/109951163078448834.jpg,http://p3.music.126.net/VMe71ZDb5dQYkQPdeSBrfQ==/109951163078452229.jpg,http://p4.music.126.net/fFMz9uMDVKDtGtP0YKWNig==/109951163078445983.jpg, gname=SONY/索尼 MDR-EX650AP 入耳式重低音通话耳机手机线控 金属材质, gintroduce=索尼经典动圈 黄铜外壳 有情怀 更有范儿, gcolorid=null, category1=101000, category2=1005000, gbrand=索尼（SONY）, gprice=328.0, ggrade=null, gcount=40, gmaterial=null, hot=2]
Goods [gid=7766004, zpicture=http://p4.music.126.net/ZuzoIkWSBvDyfQGZQM18kw==/109951163078432069.jpg, gpicture=http://p4.music.126.net/ZuzoIkWSBvDyfQGZQM18kw==/109951163078432069.jpg,http://p3.music.126.net/0lRH8WmX6oejJMEbd0yqXg==/109951163078433540.jpg,http://p3.music.126.net/KTYsQsEoUKjsUBe9R5iGOA==/109951163078428330.jpg, gname=SONY/索尼 MDR-XB75AP 入耳式重低音手机通话耳机 铝合金外壳, gintroduce=强劲重低音 颜值担当 品牌工艺 质感更好, gcolorid=null, category1=101000, category2=1005000, gbrand=索尼（SONY）, gprice=339.0, ggrade=null, gcount=98, gmaterial=null, hot=0]
[...]
Goods [gid=21770702, zpicture=http://p3.music.126.net/QiOdumZxdWSdO0X78gdn4w==/109951164429093246.jpg, gpicture=http://p3.music.126.net/QiOdumZxdWSdO0X78gdn4w==/109951164429093246.jpg,http://p3.music.126.net/3cwgWBYnKevlYCItJC1pZw==/109951164429088995.jpg,http://p3.music.126.net/18ylT8V7qmL3HH0Z0PAzhA==/109951164429098629.jpg,http://p3.music.126.net/j0g2Q29KrRy0xNMnApGTQg==/109951164429096694.jpg,http://p4.music.126.net/0G48fwq341yit6hsSNlPLw==/109951164429094732.jpg,http://p4.music.126.net/BtW1TYo_4JNe0hxcIJse6w==/109951164429102031.jpg,http://p4.music.126.net/W-qJ65bfbDEYAlPEWVILdQ==/109951164429091875.jpg,http://p4.music.126.net/bl0Wsp9E7fGuC9GtVtAAkg==/109951164429097194.jpg, gname=Libratone/小鸟 TRACK AIR+ 真无线蓝牙入耳式降噪耳机运动耳塞, gintroduce=智能降噪；音乐支持Apt-X和AAC；通话以及双麦克通话降噪；可单个使用；充电盒支持无线充电, gcolorid=null, category1=101000, category2=1005000, gbrand=Libratone, gprice=1698.0, ggrade=null, gcount=18, gmaterial=null, hot=1]
Goods [gid=21772600, zpicture=http://p3.music.126.net/pcBSva5cr4JnuhGd0iz7pQ==/109951164430637699.jpg, gpicture=http://p3.music.126.net/pcBSva5cr4JnuhGd0iz7pQ==/109951164430637699.jpg,http://p4.music.126.net/sQEa9t_i24FH8Of_s3qOdw==/109951164430642040.jpg,http://p3.music.126.net/zcD9MpRjPw5bS5YfhQKWSQ==/109951164430636247.jpg,http://p3.music.126.net/zMcI4KJuZFlfUjIfBDQ_MA==/109951164430642518.jpg,http://p4.music.126.net/Ugwh919Ox35LnjVagdpziQ==/109951164430640589.jpg, gname=网易云音乐氧气蓝牙耳机plus, gintroduce=一键红心收藏/流媒体播放；进口高通5.0芯片，aptX无损解码；荣获iF、G-Mark、红点奖, gcolorid=null, category1=101000, category2=1005000, gbrand=网易云音乐, gprice=399.0, ggrade=null, gcount=4078, gmaterial=null, hot=0]
Goods [gid=21773600, zpicture=http://p4.music.126.net/qEUNS4aKu3hCwi6zTrlS0w==/109951164432407553.jpg, gpicture=http://p4.music.126.net/qEUNS4aKu3hCwi6zTrlS0w==/109951164432407553.jpg,http://p3.music.126.net/EsR9EjtxReUZci7ycWOPMg==/109951164432403662.jpg,http://p3.music.126.net/EMBjGYtv29gTPn2Ddr8VDw==/109951164432407043.jpg,http://p3.music.126.net/cs99VOl4QsOYi0-QZezICA==/109951164432398917.jpg,http://p3.music.126.net/RdQoGtob7M2SJkCa4LT6Mg==/109951164432398457.jpg, gname=网易云音乐车载蓝牙播放器快充版, gintroduce=双口USB输出；3.1A快速充电，充电安全保护；支持MIC；蓝牙免提，一键通话；旋转切歌，播放/暂停, gcolorid=null, category1=101000, category2=1006000, gbrand=网易云音乐, gprice=119.0, ggrade=null, gcount=2824, gmaterial=null, hot=1]
Goods [gid=21774668, zpicture=http://p4.music.126.net/3GQCDblxfcS2P-edllO0LA==/109951164455914145.jpg, gpicture=http://p4.music.126.net/3GQCDblxfcS2P-edllO0LA==/109951164455914145.jpg,http://p4.music.126.net/2pSyjQzlYDvnKOqPmlKzBQ==/109951164455914662.jpg,http://p3.music.126.net/D8fJPC1f2cxu1QkG_15aQw==/109951164455909870.jpg,http://p4.music.126.net/iGrwUO7Uq1gZW9XErKmoPA==/109951164455916066.jpg,http://p4.music.126.net/wSbHZPThO4Rl4ny1SoJo5g==/109951164455909880.jpg, gname=漫步者（EDIFIER）W380NB 颈挂式高品质立体声蓝牙耳机 主动降噪手机音乐耳塞, gintroduce=高通蓝牙5.0；高通APTX HD音频解码；专属App；小羊皮品质亲肤颈挂；强劲续航；来电震动提示, gcolorid=null, category1=101000, category2=1005000, gbrand=漫步者（EDIFIER）, gprice=799.0, ggrade=null, gcount=10, gmaterial=null, hot=1]
Goods [gid=21774669, zpicture=http://p4.music.126.net/JG2-kCLRSV8SFcZBCB7Ifw==/109951164456065408.jpg, gpicture=http://p4.music.126.net/JG2-kCLRSV8SFcZBCB7Ifw==/109951164456065408.jpg,http://p4.music.126.net/tRuZy8d1nbodgt44MPQBrA==/109951164456077032.jpg,http://p4.music.126.net/7VVSqsXUwNEkFSSV23HOeA==/109951164456064920.jpg,http://p4.music.126.net/mKJn9JdrHtVw35_hFxUIOQ==/109951164456065421.jpg,http://p4.music.126.net/Z7UxhzzT8JhqzG60GL9WfA==/109951164456067367.jpg,http://p3.music.126.net/_ek6EYcyKQzjHltRysTiSQ==/109951164456077062.jpg,http://p3.music.126.net/R_YP-aUZP2Lk74ZADL7e1g==/109951164456068356.jpg,http://p3.music.126.net/zXAZTbVB9d2p0JLW7I_Vkw==/109951164456073624.jpg, gname=漫步者（EDIFIER）W281BT 漫威版 无线蓝牙入耳式跑步运动手机音乐耳机, gintroduce=漫威IP；专属App；IPX5防水；高通蓝牙5.0；CVC8.0语音降噪；磁吸收纳, gcolorid=null, category1=101000, category2=1005000, gbrand=漫步者（EDIFIER）, gprice=248.0, ggrade=null, gcount=29, gmaterial=null, hot=3]
Goods [gid=21775602, zpicture=http://p4.music.126.net/qp0wPQjC8muUeO7ma6viTw==/109951164434424520.jpg, gpicture=http://p4.music.126.net/qp0wPQjC8muUeO7ma6viTw==/109951164434424520.jpg,http://p3.music.126.net/20xu0i-2jMZA6fyihs5n6w==/109951164434423583.jpg,http://p4.music.126.net/ZeY6sc-9Kc6Hur5eG7QTwg==/109951164434417870.jpg,http://p3.music.126.net/STwBynJ6xbrbTa1cUj3vmQ==/109951164434424527.jpg,http://p3.music.126.net/Rbm1GH8p_4gRmXsaqKETvA==/109951164434418335.jpg,http://p3.music.126.net/nqyAkRzoHnnOYjZ7Y75O9w==/109951164434423133.jpg, gname=影巨人 T9 头戴式重低音蓝牙耳机手机电脑通用游戏带麦, gintroduce=音乐时间15小时；360小时待机；折叠伸缩设计；可插线，插卡；, gcolorid=null, category1=101000, category2=1005000, gbrand=影巨人, gprice=199.0, ggrade=null, gcount=1064, gmaterial=null, hot=2]
Goods [gid=21775640, zpicture=http://p3.music.126.net/dwq6K2blt4APyOHT12MVGA==/109951164447181113.jpg, gpicture=http://p3.music.126.net/dwq6K2blt4APyOHT12MVGA==/109951164447181113.jpg,http://p3.music.126.net/7vdpo_ilWPNwiNpOFsABog==/109951164447184512.jpg,http://p4.music.126.net/L21dgDKC7F-wQvkRmukW0g==/109951164447177263.jpg,http://p3.music.126.net/KhB8Cxm4Oi6OHb-2lUorEg==/109951164447171997.jpg,http://p4.music.126.net/VZlZhJh-zQDddY9WDDJgDQ==/109951164447181127.jpg,http://p3.music.126.net/_VH7KzN_TrDY3eLuN55YCg==/109951164447172463.jpg,http://p4.music.126.net/9gsutqIwBmt6aJk3IIPg6A==/109951164447178244.jpg,http://p3.music.126.net/QknGA_v0fn9Uh1WkSiFgrg==/109951164447181601.jpg, gname=Disney 迪士尼多功能铅笔袋 IQT15001, gintroduce=, gcolorid=null, category1=1008002, category2=1010004, gbrand=Disney, gprice=11.8, ggrade=null, gcount=210, gmaterial=null, hot=1]
Goods [gid=21777640, zpicture=http://p3.music.126.net/ElHEetpHmtYEEBAGoOPXyw==/109951164447193842.jpg, gpicture=http://p3.music.126.net/ElHEetpHmtYEEBAGoOPXyw==/109951164447193842.jpg,http://p4.music.126.net/knYjbFZplCddSLVN4DL4hw==/109951164447200763.jpg,http://p3.music.126.net/smy8BXj6l3i82y2-RinMFg==/109951164447197372.jpg,http://p3.music.126.net/KneDotJH53dNGR3E61X29Q==/109951164447205552.jpg,http://p4.music.126.net/rw_L89UlghxCM9wGcq7exg==/109951164447204065.jpg,http://p3.music.126.net/YzocEYkvyVuLcrt9d_FX0w==/109951164447195389.jpg,http://p3.music.126.net/KIC0XCGnToVlel7yN1XqPA==/109951164447204556.jpg,http://p3.music.126.net/M5irEuXuDjHqaxvYVKW60A==/109951164447205554.jpg, gname=Disney 迪士尼大容量铅笔袋 IQT15000, gintroduce=, gcolorid=null, category1=1008002, category2=1010004, gbrand=Disney, gprice=11.8, ggrade=null, gcount=300, gmaterial=null, hot=1]
Goods [gid=21778669, zpicture=http://p4.music.126.net/IKk2o1siLhjL6iTsIcw6aw==/109951164459686046.jpg, gpicture=http://p4.music.126.net/IKk2o1siLhjL6iTsIcw6aw==/109951164459686046.jpg,http://p3.music.126.net/IKigkecw_1xeaXFRkmLV-Q==/109951164459678323.jpg,http://p3.music.126.net/XO9-_HshLfx_-KayjZC3ZA==/109951164459679771.jpg,http://p4.music.126.net/IVToNansxpyJkIPbJTiDpA==/109951164459679790.jpg,http://p3.music.126.net/4Goxb4-iupwQKecfCRuvng==/109951164459678847.jpg,http://p3.music.126.net/WwlJ7ZrRc1Upxml1jbDqWA==/109951164459679805.jpg,http://p4.music.126.net/wj8qZx8NVNerTnWIQtqfZg==/109951164459685112.jpg,http://p3.music.126.net/hLHi5B8AkdCN-noMCIpSpQ==/109951164459684170.jpg, gname=漫步者（EDIFIER）TO-U 冇心联名款 真无线蓝牙入耳式手机通用音乐耳机, gintroduce=品质与设计美学结合；高通蓝牙5.0芯片，搭配aptx解码；长时间续航；造型温润小巧, gcolorid=null, category1=101000, category2=1005000, gbrand=漫步者（EDIFIER）, gprice=398.0, ggrade=null, gcount=43, gmaterial=null, hot=3]
Goods [gid=21783684, zpicture=http://p3.music.126.net/rtmNJ9XV1GvDbfy3J2oZqg==/109951164456233692.jpg, gpicture=http://p3.music.126.net/rtmNJ9XV1GvDbfy3J2oZqg==/109951164456233692.jpg,http://p3.music.126.net/0y0qqiodWITMA9QQMkVX8g==/109951164456239516.jpg,http://p3.music.126.net/V1BwzIzSHODB70sVV5Pgbw==/109951164456227869.jpg,http://p4.music.126.net/xMSwTYdux6YhrjDBNPpjpQ==/109951164456228388.jpg,http://p3.music.126.net/sg6R9mnulY-g9PqPDLWwTw==/109951164456238537.jpg,http://p3.music.126.net/8dpF8s4yAoDHFf_xRJ4iog==/109951164456239024.jpg, gname=终结者304不锈钢LOGO图案保温杯, gintroduce=终结者元素设计，长效保温, gcolorid=null, category1=1008002, category2=1010004, gbrand=终结者, gprice=199.0, ggrade=null, gcount=96, gmaterial=null, hot=0]
Goods [gid=21784639, zpicture=http://p3.music.126.net/fFHllwTmnpqZKyRUcfJGkA==/109951164446013267.jpg, gpicture=http://p3.music.126.net/fFHllwTmnpqZKyRUcfJGkA==/109951164446013267.jpg,http://p4.music.126.net/FkaLADq8RU9XIc0s8TvucA==/109951164446027542.jpg,http://p4.music.126.net/F_ccvdpybGLDHkVK5_1ibA==/109951164446016972.jpg,http://p4.music.126.net/nA_QbRvDjpOpiuVfSC1vyw==/109951164446024678.jpg,http://p3.music.126.net/cb6ZMnbzErfYoXsHbYHhSw==/109951164446022251.jpg,http://p4.music.126.net/ViIXzk6nn0r0D7PbyxXOlA==/109951164461184110.jpg, gname=FIIL 斐耳 T1X TWS真无线蓝牙耳机 迷你入耳式双耳通话耳塞苹果安卓通用, gintroduce=闪连；快充；秒同步；双耳独立触控 随心切换, gcolorid=null, category1=101000, category2=1005000, gbrand=FIIL/斐耳, gprice=399.0, ggrade=null, gcount=200, gmaterial=null, hot=1]
Goods [gid=21791600, zpicture=http://p4.music.126.net/4I9Ao9LfxN72kTa38qaOEA==/109951164459463452.jpg, gpicture=http://p4.music.126.net/4I9Ao9LfxN72kTa38qaOEA==/109951164459463452.jpg,http://p3.music.126.net/0aWx862zYeC7W6m4s6qY6g==/109951164459475034.jpg,http://p4.music.126.net/12s1bmRO0T7VakvIYe2z0A==/109951164459467787.jpg,http://p3.music.126.net/KB3pP7rj71gcq0IvClT_9A==/109951164459471669.jpg,http://p3.music.126.net/yM0usLnDIAJX9c2rguD0fg==/109951164459476022.jpg, gname=网易云音乐车载蓝牙播放器快充版MC01B, gintroduce=双USB口充电，兼容多种快充；12-24V品牌汽车通用；独立FM天线，音质更纯净；即插即用，简便操作, gcolorid=null, category1=101000, category2=1006000, gbrand=网易云音乐, gprice=139.0, ggrade=null, gcount=2624, gmaterial=null, hot=2]
Goods [gid=21807614, zpicture=http://p4.music.126.net/nH909MsDkaItNvTNJlQWbg==/109951164470198308.jpg, gpicture=http://p4.music.126.net/nH909MsDkaItNvTNJlQWbg==/109951164470198308.jpg,http://p4.music.126.net/U6gXSCaCW91dJyZeNmJ_Kg==/109951164470194975.jpg,http://p3.music.126.net/BQyrVWigAunhgcIo-l2MTA==/109951164470196385.jpg,http://p4.music.126.net/RZw750WvBxHpmcnaYAdO_A==/109951164470196897.jpg,http://p3.music.126.net/MoR5hW_u0fDbtT1VBbQgfw==/109951164470207012.jpg,http://p4.music.126.net/SdpNPq7Fx9FqCiHaJ-N4iw==/109951164470204179.jpg,http://p4.music.126.net/WnCUCie_cEtIZqAgC6aZ4Q==/109951164470197427.jpg,http://p4.music.126.net/5EGuSFHLupzOFeITF3Rz6w==/109951164470205166.jpg, gname=漫步者（EDIFIER）W300BT 颈挂式入耳双动圈无线蓝牙手机通用运动耳机, gintroduce=同轴双动圈实力驱动；轻奢编织线材；第八代CVC语音降噪；高通蓝牙5.0芯片组；续航时间久, gcolorid=null, category1=101000, category2=1005000, gbrand=漫步者（EDIFIER）, gprice=198.0, ggrade=null, gcount=28, gmaterial=null, hot=0]
Goods [gid=21807693, zpicture=http://p3.music.126.net/c5przWrYt7PiY7tk_xUbbQ==/109951164485797014.jpg, gpicture=http://p3.music.126.net/c5przWrYt7PiY7tk_xUbbQ==/109951164485797014.jpg,http://p3.music.126.net/k7tUgTfeW9Ld-g-8-2W61w==/109951164485786992.jpg,http://p4.music.126.net/etLPD9SfxE1dq1NuSpJWpA==/109951164485794615.jpg,http://p3.music.126.net/ZNL5zAkHabdhJras7s7l1g==/109951164485788863.jpg,http://p4.music.126.net/oz1roQPLqy3Pu6r0ClM4kg==/109951164485787963.jpg,http://p4.music.126.net/q6txcC5HExVPAUXVEmMfIw==/109951164485798032.jpg,http://p4.music.126.net/HwnuKo-hzeOCh8Aftlvtmw==/109951164485793257.jpg, gname=影巨人 S8真无线蓝牙耳机 80小时超长待机 蓝牙5.0安卓苹果通用, gintroduce=HiFi音质；智能触控；石墨烯振膜；4小时高清通话；80小时超长待机, gcolorid=null, category1=101000, category2=1005000, gbrand=影巨人, gprice=289.0, ggrade=null, gcount=1589, gmaterial=null, hot=0]
Goods [gid=21807775, zpicture=http://p4.music.126.net/DPP2K8EojM7M4KZSfegFoQ==/109951164502903468.jpg, gpicture=http://p4.music.126.net/DPP2K8EojM7M4KZSfegFoQ==/109951164502903468.jpg,http://p4.music.126.net/_gSZmyXHrhlsoauC3gLLjw==/109951164502904429.jpg,http://p4.music.126.net/qS2ExrmGONyvizk0H8Xz6w==/109951164502910203.jpg,http://p3.music.126.net/_niEkswqnkH7fTC3fPjq3Q==/109951164502911113.jpg,http://p3.music.126.net/YumNph6NEvg7MHZHeiNZkg==/109951164502909214.jpg,http://p3.music.126.net/Ne6ZnNLZP0hCYBXZCnUGlQ==/109951164502911588.jpg,http://p3.music.126.net/b83_BhLx2uCrVLlJXFlSOQ==/109951164502904459.jpg,http://p4.music.126.net/8zvgCYLXvaLquVaXC4AkiA==/109951164502914080.jpg, gname=Beats Solo Pro 高性能无线蓝牙降噪头戴式手机音乐运动耳机, gintroduce=搭载Apple H1芯片，支持“嘿 Siri”；完全自适应降噪技术；音调均衡强劲音效；优秀续航表现, gcolorid=null, category1=101000, category2=1005000, gbrand=Beats, gprice=2399.0, ggrade=null, gcount=50, gmaterial=null, hot=2]
Goods [gid=21809643, zpicture=http://p3.music.126.net/xmZyG92w0qSkjz88OWYhIQ==/109951164473900571.jpg, gpicture=http://p3.music.126.net/xmZyG92w0qSkjz88OWYhIQ==/109951164473900571.jpg,http://p4.music.126.net/EFe51EStN7afb4TWy1vwqQ==/109951164473891308.jpg,http://p4.music.126.net/jjXO7_uouaUxdD_7NFwugg==/109951164473891312.jpg,http://p3.music.126.net/OGenx-Lc1cfaDQtXizHQ-Q==/109951164473899614.jpg,http://p3.music.126.net/BMn-iI8Z0cvbuYWvSUF82A==/109951164473901554.jpg,http://p3.music.126.net/1nJsvze3jfgAbH_ufdQAoQ==/109951164473898660.jpg,http://p3.music.126.net/lR49CHR7Uep_20w-UeMsNw==/109951164473889457.jpg, gname=伯朗 H12Pro 智能双数显真无线 蓝牙5.0安卓苹果通用, gintroduce=LED双电量显示；单次续航4小时；100小时超长续航；可反向给手机充电；一键操作；双耳通话, gcolorid=null, category1=101000, category2=1005000, gbrand=伯朗, gprice=299.0, ggrade=null, gcount=1560, gmaterial=null, hot=0]
Goods [gid=21812745, zpicture=http://p3.music.126.net/t9tW-XKsgHE0ClEPWfv4qw==/109951164501710766.jpg, gpicture=http://p3.music.126.net/t9tW-XKsgHE0ClEPWfv4qw==/109951164501710766.jpg, gname=MAGICBUS【新裤子彭磊《北海怪兽》】毛线帽, gintroduce=音乐人正版周边, gcolorid=null, category1=1008002, category2=1009002, gbrand=MAGICBUS, gprice=158.0, ggrade=null, gcount=297, gmaterial=null, hot=0]
Goods [gid=21813748, zpicture=http://p4.music.126.net/qUbVngGVZwbdkthZjWb1Dg==/109951164501688963.jpg, gpicture=http://p4.music.126.net/qUbVngGVZwbdkthZjWb1Dg==/109951164501688963.jpg, gname=MAGICBUS【彭磊《北海怪兽》】围巾, gintroduce=音乐人正版周边, gcolorid=null, category1=1008002, category2=1009002, gbrand=MAGICBUS, gprice=158.0, ggrade=null, gcount=196, gmaterial=null, hot=2]
Goods [gid=21814642, zpicture=http://p3.music.126.net/D2s-rwzKylpr4w9mmPUCBA==/109951164474058531.jpg, gpicture=http://p3.music.126.net/D2s-rwzKylpr4w9mmPUCBA==/109951164474058531.jpg,http://p3.music.126.net/HoX0o1lzMiLVQh_b7Zq_Kg==/109951164474053743.jpg,http://p4.music.126.net/d5NMXaDPP0xuuFGHHoXyGw==/109951164474055210.jpg,http://p3.music.126.net/W00kZysWbVSfSkmVjpXPVA==/109951164474054231.jpg,http://p4.music.126.net/zKe5gneeNRm5Vg8tvr4gBQ==/109951164474058535.jpg,http://p3.music.126.net/43FQRFLZCK354HuFtDWVmg==/109951164474052799.jpg,http://p4.music.126.net/hiFZdnOfd-_aHL90SJN0Iw==/109951164474060511.jpg,http://p3.music.126.net/xtYOBJqSU1E-gZM9Ss3AtA==/109951164474047467.jpg, gname=影巨人&nbsp;SUP经典掌上游戏机&nbsp;老式怀旧款&nbsp;复古迷你, gintroduce=400款经典游戏；感受童年画面；支持双人对战；支持电视输出；小巧轻便；可循环充电, gcolorid=null, category1=101000, category2=1007000, gbrand=影巨人, gprice=99.0, ggrade=null, gcount=2747, gmaterial=null, hot=1]
Goods [gid=21815658, zpicture=http://p4.music.126.net/cVLhRkKBqfCvTLIXjtwUtQ==/109951164480940317.jpg, gpicture=http://p4.music.126.net/cVLhRkKBqfCvTLIXjtwUtQ==/109951164480940317.jpg,http://p4.music.126.net/g3_GRqstIvIQQmw4HFT_Bg==/109951164480939894.jpg,http://p4.music.126.net/bCnD2cplL_tRLbQLPOAyQg==/109951164480943354.jpg,http://p3.music.126.net/R2HK2RXRUfMocUfZOZBiRw==/109951164480943378.jpg,http://p4.music.126.net/M2yhYrxvg1810SQuaxoXaw==/109951164480946711.jpg, gname=史努比保温咖啡杯 家用办公室带手柄带盖女马克杯子304不锈钢水杯KF4001, gintroduce=, gcolorid=null, category1=1008002, category2=1010004, gbrand=史努比, gprice=59.0, ggrade=null, gcount=98, gmaterial=null, hot=0]
Goods [gid=21818630, zpicture=http://p3.music.126.net/8gnh7bq-2XpFZEK9RbnQRg==/109951164472052420.jpg, gpicture=http://p3.music.126.net/8gnh7bq-2XpFZEK9RbnQRg==/109951164472052420.jpg,http://p3.music.126.net/FZz0VK5inbFZvByfJM4M1Q==/109951164472062070.jpg,http://p4.music.126.net/jnEOBS732ePO2-lr-TfxXg==/109951164472063510.jpg,http://p3.music.126.net/fy0auD0jbaEpGWfiHm5USA==/109951164472054335.jpg,http://p3.music.126.net/rEVjB2F2CMOih_kw3BsK_w==/109951164472052422.jpg,http://p3.music.126.net/5tK_td_5aNBqKEl9XK8_aw==/109951164472059119.jpg,http://p3.music.126.net/FNB8KhtJ1c6p0c2SSfXekg==/109951164482374074.jpg, gname=陈情令正版暖手充电宝魏无羡蓝忘机移动电源（预售，12月30号）, gintroduce=, gcolorid=null, category1=1008002, category2=1010004, gbrand=漫踪, gprice=159.0, ggrade=null, gcount=48, gmaterial=null, hot=0]
Goods [gid=21818651, zpicture=http://p4.music.126.net/onWFfE748DTquov_9bviow==/109951164480853286.jpg, gpicture=http://p4.music.126.net/onWFfE748DTquov_9bviow==/109951164480853286.jpg,http://p3.music.126.net/VKs5uVWobns19a8fpWyP5g==/109951164480863016.jpg,http://p3.music.126.net/VZDT-91VZnYVr1X5licr7g==/109951164480860642.jpg,http://p3.music.126.net/273wvIxCLOEYS0yZCx_tkw==/109951164480860168.jpg,http://p3.music.126.net/2SRRTJlQ_RbMUEjcbRZFFQ==/109951164480858220.jpg, gname=史努比可爱小巧简约森系水杯女不锈钢儿童保温杯KF3007, gintroduce=, gcolorid=null, category1=1008002, category2=1010004, gbrand=史努比, gprice=59.0, ggrade=null, gcount=800, gmaterial=null, hot=1]
Goods [gid=21818667, zpicture=http://p3.music.126.net/iBaMbx5V-jzCXFazD6q-4g==/109951164485765801.jpg, gpicture=http://p3.music.126.net/iBaMbx5V-jzCXFazD6q-4g==/109951164485765801.jpg,http://p4.music.126.net/TmFjeNaixeMhZPrkiAabDg==/109951164485770139.jpg,http://p4.music.126.net/EMUm-BeDwz7i3NeidRFCzg==/109951164485762960.jpg,http://p4.music.126.net/-MCGlVaJBh3WKSa4Duk7-Q==/109951164485773071.jpg,http://p3.music.126.net/PsrVmlTaJdv4nHyieqS1Wg==/109951164485764929.jpg,http://p3.music.126.net/OTyXKOQtlgQtssvhlDGOuQ==/109951164485765829.jpg,http://p4.music.126.net/1OjK_VRZ2yRUtdPV6T2otg==/109951164485764429.jpg,http://p4.music.126.net/J0HlnAYUCVyohoElV1H66Q==/109951164485765448.jpg, gname=漫步者（EDIFIER）HECATE GM660 头戴式手机电竞吃鸡游戏耳机电脑耳麦, gintroduce=时尚外观；舒适蛋白耳罩；L型插头；配PC转接线, gcolorid=null, category1=101000, category2=1005000, gbrand=漫步者（EDIFIER）, gprice=279.0, ggrade=null, gcount=19, gmaterial=null, hot=0]
Goods [gid=21818668, zpicture=111, gpicture=img, gname=sdas, gintroduce=搜索, gcolorid=99, category1=123456, category2=123456, gbrand=456, gprice=15.2, ggrade=10, gcount=100, gmaterial=, hot=1]
Goods [gid=21818670, zpicture=111, gpicture=img, gname=sdas, gintroduce=搜索, gcolorid=99, category1=123456, category2=123456, gbrand=456, gprice=15.2, ggrade=10, gcount=500, gmaterial=, hot=1]
Goods [gid=21818671, zpicture=111, gpicture=img, gname=sdas, gintroduce=搜索, gcolorid=99, category1=123456, category2=123456, gbrand=456, gprice=15.2, ggrade=10, gcount=500, gmaterial=, hot=1]
Goods [gid=21818672, zpicture=111, gpicture=img, gname=sdas, gintroduce=搜索, gcolorid=99, category1=123456, category2=123456, gbrand=456, gprice=15.2, ggrade=10, gcount=500, gmaterial=, hot=1]
Goods [gid=21818673, zpicture=111, gpicture=img, gname=sdas, gintroduce=搜索, gcolorid=99, category1=123456, category2=123456, gbrand=456, gprice=15.2, ggrade=10, gcount=500, gmaterial=, hot=1]
Goods [gid=21813748, zpicture=http://p4.music.126.net/qUbVngGVZwbdkthZjWb1Dg==/109951164501688963.jpg, gpicture=http://p4.music.126.net/qUbVngGVZwbdkthZjWb1Dg==/109951164501688963.jpg, gname=MAGICBUS【彭磊《北海怪兽》】围巾, gintroduce=音乐人正版周边, gcolorid=null, category1=1008002, category2=1009002, gbrand=MAGICBUS, gprice=158.0, ggrade=null, gcount=196, gmaterial=null, hot=2]
false
true
true
]]></system-out>
  <system-err><![CDATA[]]></system-err>
</testsuite>
