<?xml version="1.0" encoding="UTF-8" ?>
<testsuite errors="1" failures="0" hostname="WIN" name="com.lz.test01.OutgoodDaoTest" skipped="0" tests="1" time="0.0" timestamp="2019-12-09T15:54:40">
  <properties>
[...]
</properties>
  <error message="com.lz.test01.OutgoodDaoTest" type="java.lang.ClassNotFoundException">java.lang.ClassNotFoundException: com.lz.test01.OutgoodDaoTest
	at java.net.URLClassLoader.findClass(Unknown Source)
	at java.lang.ClassLoader.loadClass(Unknown Source)
	at sun.misc.Launcher$AppClassLoader.loadClass(Unknown Source)
	at java.lang.ClassLoader.loadClass(Unknown Source)
	at java.lang.Class.forName0(Native Method)
	at java.lang.Class.forName(Unknown Source)
</error>
  <system-out><![CDATA[]]></system-out>
  <system-err><![CDATA[]]></system-err>
</testsuite>
